nohup: ignoring input
2024-08-01 15:52:17.145914: I external/local_xla/xla/tsl/cuda/cudart_stub.cc:32] Could not find cuda drivers on your machine, GPU will not be used.
2024-08-01 15:52:17.148276: I external/local_xla/xla/tsl/cuda/cudart_stub.cc:32] Could not find cuda drivers on your machine, GPU will not be used.
2024-08-01 15:52:17.154886: E external/local_xla/xla/stream_executor/cuda/cuda_fft.cc:485] Unable to register cuFFT factory: Attempting to register factory for plugin cuFFT when one has already been registered
2024-08-01 15:52:17.165367: E external/local_xla/xla/stream_executor/cuda/cuda_dnn.cc:8454] Unable to register cuDNN factory: Attempting to register factory for plugin cuDNN when one has already been registered
2024-08-01 15:52:17.168499: E external/local_xla/xla/stream_executor/cuda/cuda_blas.cc:1452] Unable to register cuBLAS factory: Attempting to register factory for plugin cuBLAS when one has already been registered
2024-08-01 15:52:17.177776: I tensorflow/core/platform/cpu_feature_guard.cc:210] This TensorFlow binary is optimized to use available CPU instructions in performance-critical operations.
To enable the following instructions: AVX2 FMA, in other operations, rebuild TensorFlow with the appropriate compiler flags.
2024-08-01 15:52:20.366711: W tensorflow/compiler/tf2tensorrt/utils/py_utils.cc:38] TF-TRT Warning: Could not find TensorRT
899
no warm start
Set parameter TokenServer to value "vm-gurobi-license.doc.ic.ac.uk"
Gurobi Optimizer version 11.0.2 build v11.0.2rc0 (linux64 - "Ubuntu 22.04.4 LTS")

CPU model: AMD Ryzen 7 5700X 8-Core Processor, instruction set [SSE2|AVX|AVX2]
Thread count: 8 physical cores, 16 logical processors, using up to 16 threads

Optimize a model with 1980 rows, 26674 columns and 49848 nonzeros
Model fingerprint: 0x5ca99861
Model has 90 quadratic constraints
Variable types: 26206 continuous, 468 integer (468 binary)
Coefficient statistics:
  Matrix range     [4e-03, 3e+04]
  QMatrix range    [1e+00, 1e+00]
  QLMatrix range   [1e+00, 1e+00]
  Objective range  [1e+00, 1e+00]
  Bounds range     [1e+00, 1e+00]
  RHS range        [3e+02, 3e+04]
Presolve removed 549 rows and 15121 columns
Presolve time: 0.04s
Presolved: 13041 rows, 14433 columns, 78908 nonzeros
Presolved model has 2880 bilinear constraint(s)

Solving non-convex MIQCP

Variable types: 14046 continuous, 387 integer (387 binary)
Found heuristic solution: objective 90.0000000

Root relaxation: objective 8.100000e+01, 4775 iterations, 0.08 seconds (0.15 work units)

    Nodes    |    Current Node    |     Objective Bounds      |     Work
 Expl Unexpl |  Obj  Depth IntInf | Incumbent    BestBd   Gap | It/Node Time

     0     0   81.00000    0  446   90.00000   81.00000  10.0%     -    0s
     0     0   81.00000    0  446   90.00000   81.00000  10.0%     -    0s
H    0     0                      81.0000000   81.00000  0.00%     -    1s
     0     0   81.00000    0  446   81.00000   81.00000  0.00%     -    1s

Explored 1 nodes (12050 simplex iterations) in 1.04 seconds (1.72 work units)
Thread count was 16 (of 16 available processors)

Solution count 2: 81 90 

Optimal solution found (tolerance 1.00e-04)
Best objective 8.100000000000e+01, best bound 8.100000000000e+01, gap 0.0000%
no warm start
Gurobi Optimizer version 11.0.2 build v11.0.2rc0 (linux64 - "Ubuntu 22.04.4 LTS")

CPU model: AMD Ryzen 7 5700X 8-Core Processor, instruction set [SSE2|AVX|AVX2]
Thread count: 8 physical cores, 16 logical processors, using up to 16 threads

Optimize a model with 900 rows, 802 columns and 2952 nonzeros
Model fingerprint: 0x197a6c68
Model has 90 quadratic constraints
Variable types: 550 continuous, 252 integer (252 binary)
Coefficient statistics:
  Matrix range     [3e-03, 1e+02]
  QMatrix range    [1e+00, 1e+00]
  QLMatrix range   [1e+00, 1e+00]
  Objective range  [1e+00, 1e+00]
  Bounds range     [1e+00, 1e+00]
  RHS range        [1e+01, 1e+02]
Presolve removed 333 rows and 81 columns
Presolve time: 0.00s
Presolved: 3537 rows, 1441 columns, 10548 nonzeros
Presolved model has 720 bilinear constraint(s)

Solving non-convex MIQCP

Variable types: 1270 continuous, 171 integer (171 binary)
Found heuristic solution: objective 90.0000000

Root relaxation: objective 8.100000e+01, 935 iterations, 0.01 seconds (0.01 work units)

    Nodes    |    Current Node    |     Objective Bounds      |     Work
 Expl Unexpl |  Obj  Depth IntInf | Incumbent    BestBd   Gap | It/Node Time

     0     0   81.00000    0  188   90.00000   81.00000  10.0%     -    0s
     0     0   81.00000    0  206   90.00000   81.00000  10.0%     -    0s
     0     0   81.00000    0  211   90.00000   81.00000  10.0%     -    0s
     0     0   81.00000    0  176   90.00000   81.00000  10.0%     -    0s
     0     0   81.00000    0  176   90.00000   81.00000  10.0%     -    0s
     0     2   81.00000    0  176   90.00000   81.00000  10.0%     -    0s
H   71   102                      89.0000000   81.00000  8.99%  44.5    0s
H  664  1257                      82.0000000   81.00000  1.22%  49.8    0s
H 1074  1245                      81.0000000   81.00000  0.00%  39.8    0s

Cutting planes:
  Learned: 1
  MIR: 2
  Flow cover: 3
  RLT: 3

Explored 1492 nodes (51020 simplex iterations) in 0.85 seconds (1.52 work units)
Thread count was 16 (of 16 available processors)

Solution count 4: 81 82 89 90 

Optimal solution found (tolerance 1.00e-04)
Best objective 8.100000000000e+01, best bound 8.100000000000e+01, gap 0.0000%
no warm start
Gurobi Optimizer version 11.0.2 build v11.0.2rc0 (linux64 - "Ubuntu 22.04.4 LTS")

CPU model: AMD Ryzen 7 5700X 8-Core Processor, instruction set [SSE2|AVX|AVX2]
Thread count: 8 physical cores, 16 logical processors, using up to 16 threads

Optimize a model with 2640 rows, 27082 columns and 63328 nonzeros
Model fingerprint: 0xec28746d
Model has 120 quadratic constraints
Variable types: 26458 continuous, 624 integer (624 binary)
Coefficient statistics:
  Matrix range     [4e-03, 3e+04]
  QMatrix range    [1e+00, 1e+00]
  QLMatrix range   [1e+00, 1e+00]
  Objective range  [1e+00, 1e+00]
  Bounds range     [1e+00, 1e+00]
  RHS range        [3e+02, 3e+04]
Presolve removed 732 rows and 14572 columns
Presolve time: 0.05s
Presolved: 17388 rows, 16350 columns, 102416 nonzeros
Presolved model has 3840 bilinear constraint(s)

Solving non-convex MIQCP

Variable types: 15834 continuous, 516 integer (516 binary)
Found heuristic solution: objective 120.0000000
Deterministic concurrent LP optimizer: primal and dual simplex
Showing primal log only...

Concurrent spin time: 0.00s

Solved with dual simplex

Use crossover to convert LP symmetric solution to basic solution...

Root relaxation: objective 1.080000e+02, 4615 iterations, 0.05 seconds (0.08 work units)

    Nodes    |    Current Node    |     Objective Bounds      |     Work
 Expl Unexpl |  Obj  Depth IntInf | Incumbent    BestBd   Gap | It/Node Time

     0     0  108.00000    0 2744  120.00000  108.00000  10.0%     -    2s
     0     0  108.00000    0 2744  120.00000  108.00000  10.0%     -    2s
H    0     0                     112.0000000  108.00000  3.57%     -    5s
     0     2  108.00000    0 2744  112.00000  108.00000  3.57%     -    5s
    23    32  108.00000    5 2217  112.00000  108.00000  3.57%   781   13s
    31    40  108.00000    6 2214  112.00000  108.00000  3.57%  1241   19s
H   35    40                     111.0000000  108.00000  2.70%  1167   19s
    39    48  108.00000    7 2220  111.00000  108.00000  2.70%  1561   23s
    67    95  108.00000    9 2206  111.00000  108.00000  2.70%  1575   29s
H   77    95                     110.0000000  108.00000  1.82%  1442   29s
    94   140  108.00000   11 2179  110.00000  108.00000  1.82%  1406   38s
   139   283  108.00000   18 2170  110.00000  108.00000  1.82%  1633   46s
H  200   283                     108.0000000  108.00000  0.00%  1403   46s

Explored 282 nodes (365713 simplex iterations) in 46.25 seconds (101.90 work units)
Thread count was 16 (of 16 available processors)

Solution count 5: 108 110 111 ... 120

Optimal solution found (tolerance 1.00e-04)
Best objective 1.080000000000e+02, best bound 1.080000000000e+02, gap 0.0000%
no warm start
Gurobi Optimizer version 11.0.2 build v11.0.2rc0 (linux64 - "Ubuntu 22.04.4 LTS")

CPU model: AMD Ryzen 7 5700X 8-Core Processor, instruction set [SSE2|AVX|AVX2]
Thread count: 8 physical cores, 16 logical processors, using up to 16 threads

Optimize a model with 1200 rows, 994 columns and 3936 nonzeros
Model fingerprint: 0x719f5a17
Model has 120 quadratic constraints
Variable types: 658 continuous, 336 integer (336 binary)
Coefficient statistics:
  Matrix range     [3e-03, 1e+02]
  QMatrix range    [1e+00, 1e+00]
  QLMatrix range   [1e+00, 1e+00]
  Objective range  [1e+00, 1e+00]
  Bounds range     [1e+00, 1e+00]
  RHS range        [1e+01, 1e+02]
Presolve removed 460 rows and 124 columns
Presolve time: 0.00s
Presolved: 4700 rows, 1830 columns, 13776 nonzeros
Presolved model has 960 bilinear constraint(s)

Solving non-convex MIQCP

Variable types: 1602 continuous, 228 integer (228 binary)
Found heuristic solution: objective 120.0000000

Root relaxation: objective 1.080000e+02, 1268 iterations, 0.01 seconds (0.02 work units)

    Nodes    |    Current Node    |     Objective Bounds      |     Work
 Expl Unexpl |  Obj  Depth IntInf | Incumbent    BestBd   Gap | It/Node Time

     0     0  108.00000    0  187  120.00000  108.00000  10.0%     -    0s
     0     0  108.00000    0  250  120.00000  108.00000  10.0%     -    0s
     0     0  108.00000    0  249  120.00000  108.00000  10.0%     -    0s
     0     0  108.00000    0  202  120.00000  108.00000  10.0%     -    0s
     0     0  108.00000    0  193  120.00000  108.00000  10.0%     -    0s
     0     0  108.00000    0  199  120.00000  108.00000  10.0%     -    0s
     0     0  108.00000    0  196  120.00000  108.00000  10.0%     -    0s
     0     0  108.00000    0  172  120.00000  108.00000  10.0%     -    0s
     0     0  108.00000    0  117  120.00000  108.00000  10.0%     -    0s
     0     0  108.00000    0  117  120.00000  108.00000  10.0%     -    0s
     0     2  108.00000    0  117  120.00000  108.00000  10.0%     -    0s
H   34    40                     118.0000000  108.00000  8.47%  47.8    0s
H  234   313                     117.0000000  108.00000  7.69%  69.1    0s
H  663   883                     111.0000000  108.00000  2.70%  88.9    1s
H  766   772                     110.0000000  108.00000  1.82%  77.7    1s
H  973  1166                     109.0000000  108.00000  0.92%  79.5    1s
H 1671   638                     108.0000000  108.00000  0.00%  69.7    3s

Cutting planes:
  Gomory: 5
  MIR: 2
  Flow cover: 8
  RLT: 14

Explored 1678 nodes (120434 simplex iterations) in 3.60 seconds (5.59 work units)
Thread count was 16 (of 16 available processors)

Solution count 7: 108 109 110 ... 120

Optimal solution found (tolerance 1.00e-04)
Best objective 1.080000000000e+02, best bound 1.080000000000e+02, gap 0.0000%
no warm start
Gurobi Optimizer version 11.0.2 build v11.0.2rc0 (linux64 - "Ubuntu 22.04.4 LTS")

CPU model: AMD Ryzen 7 5700X 8-Core Processor, instruction set [SSE2|AVX|AVX2]
Thread count: 8 physical cores, 16 logical processors, using up to 16 threads

Optimize a model with 3300 rows, 27490 columns and 79560 nonzeros
Model fingerprint: 0x4bb2acfb
Model has 150 quadratic constraints
Variable types: 26710 continuous, 780 integer (780 binary)
Coefficient statistics:
  Matrix range     [4e-03, 3e+04]
  QMatrix range    [1e+00, 1e+00]
  QLMatrix range   [1e+00, 1e+00]
  Objective range  [1e+00, 1e+00]
  Bounds range     [1e+00, 1e+00]
  RHS range        [3e+02, 3e+04]
Presolve removed 915 rows and 13831 columns
Presolve time: 0.06s
Presolved: 21735 rows, 18459 columns, 129412 nonzeros
Presolved model has 4800 bilinear constraint(s)

Solving non-convex MIQCP

Variable types: 17814 continuous, 645 integer (645 binary)
Found heuristic solution: objective 150.0000000
Deterministic concurrent LP optimizer: primal and dual simplex
Showing primal log only...

Concurrent spin time: 0.00s

Solved with dual simplex

Use crossover to convert LP symmetric solution to basic solution...

Root relaxation: objective 1.350000e+02, 5930 iterations, 0.06 seconds (0.11 work units)

    Nodes    |    Current Node    |     Objective Bounds      |     Work
 Expl Unexpl |  Obj  Depth IntInf | Incumbent    BestBd   Gap | It/Node Time

     0     0  135.00000    0 2762  150.00000  135.00000  10.0%     -    2s
     0     0  135.00000    0 2762  150.00000  135.00000  10.0%     -    3s
     0     2  135.00000    0 2762  150.00000  135.00000  10.0%     -    7s
     7    16  135.00000    3 2428  150.00000  135.00000  10.0%  3499   17s
    15    24  135.00000    4 2507  150.00000  135.00000  10.0%  2201   29s
    23    32  135.00000    5 2494  150.00000  135.00000  10.0%  4282   30s
H   31    40                     139.0000000  135.00000  2.88%  3260   37s
    57    80  135.00000    8 2502  139.00000  135.00000  2.88%  2422   46s
    79   138  135.00000   11 2679  139.00000  135.00000  2.88%  2527   61s
   137   250  135.00000   14 2629  139.00000  135.00000  2.88%  2013   74s
   249   895  135.00000   20 2595  139.00000  135.00000  2.88%  2110  100s
   894  1271  135.00000   60 1694  139.00000  135.00000  2.88%  1230  140s
  1270  2144  135.00000   90 1187  139.00000  135.00000  2.88%  1225  169s
H 2143  2534                     135.0000000  135.00000  0.00%  1324  188s

Explored 4240 nodes (3985997 simplex iterations) in 188.51 seconds (477.96 work units)
Thread count was 16 (of 16 available processors)

Solution count 3: 135 139 150 

Optimal solution found (tolerance 1.00e-04)
Best objective 1.350000000000e+02, best bound 1.350000000000e+02, gap 0.0000%
no warm start
Gurobi Optimizer version 11.0.2 build v11.0.2rc0 (linux64 - "Ubuntu 22.04.4 LTS")

CPU model: AMD Ryzen 7 5700X 8-Core Processor, instruction set [SSE2|AVX|AVX2]
Thread count: 8 physical cores, 16 logical processors, using up to 16 threads

Optimize a model with 1500 rows, 1186 columns and 4920 nonzeros
Model fingerprint: 0xc4b0fabe
Model has 150 quadratic constraints
Variable types: 766 continuous, 420 integer (420 binary)
Coefficient statistics:
  Matrix range     [3e-03, 1e+02]
  QMatrix range    [1e+00, 1e+00]
  QLMatrix range   [1e+00, 1e+00]
  Objective range  [1e+00, 1e+00]
  Bounds range     [1e+00, 1e+00]
  RHS range        [1e+01, 1e+02]
Presolve removed 595 rows and 175 columns
Presolve time: 0.01s
Presolved: 5855 rows, 2211 columns, 16860 nonzeros
Presolved model has 1200 bilinear constraint(s)

Solving non-convex MIQCP

Variable types: 1926 continuous, 285 integer (285 binary)
Found heuristic solution: objective 150.0000000

Root relaxation: objective 1.350000e+02, 1538 iterations, 0.01 seconds (0.02 work units)

    Nodes    |    Current Node    |     Objective Bounds      |     Work
 Expl Unexpl |  Obj  Depth IntInf | Incumbent    BestBd   Gap | It/Node Time

     0     0  135.00000    0  343  150.00000  135.00000  10.0%     -    0s
     0     0  135.00000    0  343  150.00000  135.00000  10.0%     -    0s
     0     2  135.00000    0  343  150.00000  135.00000  10.0%     -    0s
H 2479  1700                     135.0000000  135.00000  0.00%   127    3s

Explored 3546 nodes (357520 simplex iterations) in 3.42 seconds (7.42 work units)
Thread count was 16 (of 16 available processors)

Solution count 2: 135 150 

Optimal solution found (tolerance 1.00e-04)
Best objective 1.350000000000e+02, best bound 1.350000000000e+02, gap 0.0000%
no warm start
Gurobi Optimizer version 11.0.2 build v11.0.2rc0 (linux64 - "Ubuntu 22.04.4 LTS")

CPU model: AMD Ryzen 7 5700X 8-Core Processor, instruction set [SSE2|AVX|AVX2]
Thread count: 8 physical cores, 16 logical processors, using up to 16 threads

Optimize a model with 3960 rows, 27898 columns and 95024 nonzeros
Model fingerprint: 0xc8b3914a
Model has 180 quadratic constraints
Variable types: 26962 continuous, 936 integer (936 binary)
Coefficient statistics:
  Matrix range     [4e-03, 3e+04]
  QMatrix range    [1e+00, 1e+00]
  QLMatrix range   [1e+00, 1e+00]
  Objective range  [1e+00, 1e+00]
  Bounds range     [1e+00, 1e+00]
  RHS range        [3e+02, 3e+04]
Presolve removed 1098 rows and 13314 columns
Presolve time: 0.07s
Presolved: 26082 rows, 20344 columns, 155000 nonzeros
Presolved model has 5760 bilinear constraint(s)

Solving non-convex MIQCP

Variable types: 19570 continuous, 774 integer (774 binary)
Found heuristic solution: objective 180.0000000
Deterministic concurrent LP optimizer: primal and dual simplex
Showing primal log only...

Concurrent spin time: 0.00s

Solved with dual simplex

Use crossover to convert LP symmetric solution to basic solution...

Root relaxation: objective 1.620000e+02, 7427 iterations, 0.09 seconds (0.16 work units)

    Nodes    |    Current Node    |     Objective Bounds      |     Work
 Expl Unexpl |  Obj  Depth IntInf | Incumbent    BestBd   Gap | It/Node Time

     0     0  162.00000    0 4706  180.00000  162.00000  10.0%     -    3s
H    0     0                     179.0000000  162.00000  9.50%     -    3s
     0     0  162.00000    0 4706  179.00000  162.00000  9.50%     -    3s
H    0     0                     178.0000000  162.00000  8.99%     -    8s
H    0     0                     177.0000000  162.00000  8.47%     -    8s
H    0     2                     176.0000000  162.00000  7.95%     -    8s
     0     2  162.00000    0 4706  176.00000  162.00000  7.95%     -    8s
    31    40  162.00000    5 4715  176.00000  162.00000  7.95%   305   20s
H   35    40                     175.0000000  162.00000  7.43%   951   20s
    87   126  162.00000    8 4706  175.00000  162.00000  7.43%   500   42s
H  124   126                     174.0000000  162.00000  6.90%   712   42s
   125   362  162.00000    9 4706  174.00000  162.00000  6.90%   712   52s
   361   430  162.00000   16 4697  174.00000  162.00000  6.90%   433   70s
   429   767  162.00000   24 4670  174.00000  162.00000  6.90%   768   97s
H  454   767                     173.0000000  162.00000  6.36%   805   97s
   766  2604  162.00000   29 4624  173.00000  162.00000  6.36%   537  119s
H 2083  2604                     172.0000000  162.00000  5.81%   253  119s
H 2603  2199                     162.0000000  162.00000  0.00%   209  125s

Explored 4363 nodes (633688 simplex iterations) in 125.63 seconds (270.91 work units)
Thread count was 16 (of 16 available processors)

Solution count 10: 162 172 173 ... 180

Optimal solution found (tolerance 1.00e-04)
Best objective 1.620000000000e+02, best bound 1.620000000000e+02, gap 0.0000%
no warm start
Gurobi Optimizer version 11.0.2 build v11.0.2rc0 (linux64 - "Ubuntu 22.04.4 LTS")

CPU model: AMD Ryzen 7 5700X 8-Core Processor, instruction set [SSE2|AVX|AVX2]
Thread count: 8 physical cores, 16 logical processors, using up to 16 threads

Optimize a model with 1800 rows, 1378 columns and 5904 nonzeros
Model fingerprint: 0x5a96aba0
Model has 180 quadratic constraints
Variable types: 874 continuous, 504 integer (504 binary)
Coefficient statistics:
  Matrix range     [3e-03, 1e+02]
  QMatrix range    [1e+00, 1e+00]
  QLMatrix range   [1e+00, 1e+00]
  Objective range  [1e+00, 1e+00]
  Bounds range     [1e+00, 1e+00]
  RHS range        [1e+01, 1e+02]
Presolve removed 730 rows and 226 columns
Presolve time: 0.01s
Presolved: 7010 rows, 2592 columns, 19944 nonzeros
Presolved model has 1440 bilinear constraint(s)

Solving non-convex MIQCP

Variable types: 2250 continuous, 342 integer (342 binary)
Found heuristic solution: objective 180.0000000

Root relaxation: objective 1.620000e+02, 1803 iterations, 0.01 seconds (0.02 work units)

    Nodes    |    Current Node    |     Objective Bounds      |     Work
 Expl Unexpl |  Obj  Depth IntInf | Incumbent    BestBd   Gap | It/Node Time

     0     0  162.00000    0  452  180.00000  162.00000  10.0%     -    0s
     0     0  162.00000    0  503  180.00000  162.00000  10.0%     -    0s
     0     0  162.00000    0  508  180.00000  162.00000  10.0%     -    0s
     0     0  162.00000    0  508  180.00000  162.00000  10.0%     -    0s
H    0     0                     178.0000000  162.00000  8.99%     -    0s
     0     2  162.00000    0  508  178.00000  162.00000  8.99%     -    1s
  1810  2640  163.00000  144  204  178.00000  162.00000  8.99%   121    5s
H 2739  1522                     162.0000000  162.00000  0.00%   108    5s

Cutting planes:
  Learned: 3
  MIR: 6
  Flow cover: 2
  RLT: 7

Explored 3736 nodes (336282 simplex iterations) in 5.68 seconds (13.42 work units)
Thread count was 16 (of 16 available processors)

Solution count 3: 162 178 180 

Optimal solution found (tolerance 1.00e-04)
Best objective 1.620000000000e+02, best bound 1.620000000000e+02, gap 0.0000%
no warm start
Gurobi Optimizer version 11.0.2 build v11.0.2rc0 (linux64 - "Ubuntu 22.04.4 LTS")

CPU model: AMD Ryzen 7 5700X 8-Core Processor, instruction set [SSE2|AVX|AVX2]
Thread count: 8 physical cores, 16 logical processors, using up to 16 threads

Optimize a model with 4620 rows, 28306 columns and 112792 nonzeros
Model fingerprint: 0x4b0638f4
Model has 210 quadratic constraints
Variable types: 27214 continuous, 1092 integer (1092 binary)
Coefficient statistics:
  Matrix range     [4e-03, 3e+04]
  QMatrix range    [1e+00, 1e+00]
  QLMatrix range   [1e+00, 1e+00]
  Objective range  [1e+00, 1e+00]
  Bounds range     [1e+00, 1e+00]
  RHS range        [3e+02, 3e+04]
Presolve removed 1281 rows and 13117 columns
Presolve time: 0.09s
Presolved: 30429 rows, 21909 columns, 183404 nonzeros
Presolved model has 6720 bilinear constraint(s)

Solving non-convex MIQCP

Variable types: 21006 continuous, 903 integer (903 binary)
Found heuristic solution: objective 210.0000000
Deterministic concurrent LP optimizer: primal and dual simplex
Showing primal log only...

Concurrent spin time: 0.00s

Solved with dual simplex

Use crossover to convert LP symmetric solution to basic solution...

Root relaxation: objective 1.890000e+02, 8630 iterations, 0.11 seconds (0.19 work units)

    Nodes    |    Current Node    |     Objective Bounds      |     Work
 Expl Unexpl |  Obj  Depth IntInf | Incumbent    BestBd   Gap | It/Node Time

     0     0  189.00000    0 5029  210.00000  189.00000  10.0%     -    6s
     0     0  189.00000    0 4925  210.00000  189.00000  10.0%     -   15s
     0     0  189.00000    0 4912  210.00000  189.00000  10.0%     -   16s
H    0     0                     189.0000000  189.00000  0.00%     -   25s
     0     0  189.00000    0 4838  189.00000  189.00000  0.00%     -   25s

Cutting planes:
  Learned: 21
  Gomory: 4
  MIR: 214
  Flow cover: 43
  RLT: 228

Explored 1 nodes (59893 simplex iterations) in 25.33 seconds (43.67 work units)
Thread count was 16 (of 16 available processors)

Solution count 2: 189 210 

Optimal solution found (tolerance 1.00e-04)
Best objective 1.890000000000e+02, best bound 1.890000000000e+02, gap 0.0000%
no warm start
Gurobi Optimizer version 11.0.2 build v11.0.2rc0 (linux64 - "Ubuntu 22.04.4 LTS")

CPU model: AMD Ryzen 7 5700X 8-Core Processor, instruction set [SSE2|AVX|AVX2]
Thread count: 8 physical cores, 16 logical processors, using up to 16 threads

Optimize a model with 2100 rows, 1570 columns and 6888 nonzeros
Model fingerprint: 0x30d47ce1
Model has 210 quadratic constraints
Variable types: 982 continuous, 588 integer (588 binary)
Coefficient statistics:
  Matrix range     [3e-03, 1e+02]
  QMatrix range    [1e+00, 1e+00]
  QLMatrix range   [1e+00, 1e+00]
  Objective range  [1e+00, 1e+00]
  Bounds range     [1e+00, 1e+00]
  RHS range        [1e+01, 1e+02]
Presolve removed 865 rows and 277 columns
Presolve time: 0.01s
Presolved: 8165 rows, 2973 columns, 23028 nonzeros
Presolved model has 1680 bilinear constraint(s)

Solving non-convex MIQCP

Variable types: 2574 continuous, 399 integer (399 binary)
Found heuristic solution: objective 210.0000000

Root relaxation: objective 1.890000e+02, 2215 iterations, 0.03 seconds (0.04 work units)

    Nodes    |    Current Node    |     Objective Bounds      |     Work
 Expl Unexpl |  Obj  Depth IntInf | Incumbent    BestBd   Gap | It/Node Time

     0     0  189.00000    0  461  210.00000  189.00000  10.0%     -    0s
     0     0  189.00000    0  461  210.00000  189.00000  10.0%     -    0s
H    0     0                     204.0000000  189.00000  7.35%     -    0s
     0     2  189.00000    0  461  204.00000  189.00000  7.35%     -    0s
  2117  3096  189.00000  181  278  204.00000  189.00000  7.35%   181    5s
H 4113  4482                     202.0000000  189.00000  6.44%   125    6s
H 4621  1977                     189.0000000  189.00000  0.00%   116    7s

Explored 6252 nodes (577333 simplex iterations) in 7.07 seconds (14.48 work units)
Thread count was 16 (of 16 available processors)

Solution count 4: 189 202 204 210 

Optimal solution found (tolerance 1.00e-04)
Best objective 1.890000000000e+02, best bound 1.890000000000e+02, gap 0.0000%
no warm start
Gurobi Optimizer version 11.0.2 build v11.0.2rc0 (linux64 - "Ubuntu 22.04.4 LTS")

CPU model: AMD Ryzen 7 5700X 8-Core Processor, instruction set [SSE2|AVX|AVX2]
Thread count: 8 physical cores, 16 logical processors, using up to 16 threads

Optimize a model with 5280 rows, 28714 columns and 126304 nonzeros
Model fingerprint: 0x08c10690
Model has 240 quadratic constraints
Variable types: 27466 continuous, 1248 integer (1248 binary)
Coefficient statistics:
  Matrix range     [4e-03, 3e+04]
  QMatrix range    [1e+00, 1e+00]
  QLMatrix range   [1e+00, 1e+00]
  Objective range  [1e+00, 1e+00]
  Bounds range     [1e+00, 1e+00]
  RHS range        [3e+02, 3e+04]
Presolve removed 1464 rows and 12856 columns
Presolve time: 0.09s
Presolved: 34776 rows, 23538 columns, 207360 nonzeros
Presolved model has 7680 bilinear constraint(s)

Solving non-convex MIQCP

Variable types: 22506 continuous, 1032 integer (1032 binary)
Found heuristic solution: objective 240.0000000
Deterministic concurrent LP optimizer: primal and dual simplex
Showing primal log only...

Concurrent spin time: 0.00s

Solved with dual simplex

Use crossover to convert LP symmetric solution to basic solution...

Root relaxation: objective 2.160000e+02, 9657 iterations, 0.12 seconds (0.21 work units)

    Nodes    |    Current Node    |     Objective Bounds      |     Work
 Expl Unexpl |  Obj  Depth IntInf | Incumbent    BestBd   Gap | It/Node Time

     0     0  216.00000    0 5371  240.00000  216.00000  10.0%     -    7s
     0     0  216.00000    0 4489  240.00000  216.00000  10.0%     -   23s
     0     0  216.00000    0 4485  240.00000  216.00000  10.0%     -   24s
     0     0  216.00000    0 4424  240.00000  216.00000  10.0%     -   34s
     0     0  216.00000    0 4427  240.00000  216.00000  10.0%     -   35s
     0     0  216.00000    0 4395  240.00000  216.00000  10.0%     -   43s
     0     0  216.00000    0 4386  240.00000  216.00000  10.0%     -   44s
     0     0  216.00000    0 4328  240.00000  216.00000  10.0%     -   53s
     0     0  216.00000    0 4323  240.00000  216.00000  10.0%     -   53s
     0     0  216.00000    0 4278  240.00000  216.00000  10.0%     -   61s
     0     0  216.00000    0 4259  240.00000  216.00000  10.0%     -   61s
     0     0  216.00000    0 4252  240.00000  216.00000  10.0%     -   69s
     0     0  216.00000    0 4249  240.00000  216.00000  10.0%     -   70s
     0     0  216.00000    0 4238  240.00000  216.00000  10.0%     -   77s
     0     0  216.00000    0 4235  240.00000  216.00000  10.0%     -   78s
     0     0  216.00000    0 4255  240.00000  216.00000  10.0%     -   85s
     0     0  216.00000    0 4254  240.00000  216.00000  10.0%     -   86s
     0     0  216.00000    0 4224  240.00000  216.00000  10.0%     -   93s
     0     0  216.00000    0 4224  240.00000  216.00000  10.0%     -  100s
H    0     0                     234.0000000  216.00000  7.69%     -  119s
H    0     0                     218.0000000  216.00000  0.92%     -  119s
H    0     0                     217.0000000  216.00000  0.46%     -  119s
H    0     2                     216.0000000  216.00000  0.00%     -  132s
     0     2  216.00000    0 4224  216.00000  216.00000  0.00%     -  132s

Cutting planes:
  Learned: 24
  Gomory: 2
  MIR: 46
  Flow cover: 8
  RLT: 176

Explored 1 nodes (157100 simplex iterations) in 132.74 seconds (237.53 work units)
Thread count was 16 (of 16 available processors)

Solution count 5: 216 217 218 ... 240

Optimal solution found (tolerance 1.00e-04)
Best objective 2.160000000000e+02, best bound 2.160000000000e+02, gap 0.0000%
no warm start
Gurobi Optimizer version 11.0.2 build v11.0.2rc0 (linux64 - "Ubuntu 22.04.4 LTS")

CPU model: AMD Ryzen 7 5700X 8-Core Processor, instruction set [SSE2|AVX|AVX2]
Thread count: 8 physical cores, 16 logical processors, using up to 16 threads

Optimize a model with 2400 rows, 1762 columns and 7872 nonzeros
Model fingerprint: 0x20d45382
Model has 240 quadratic constraints
Variable types: 1090 continuous, 672 integer (672 binary)
Coefficient statistics:
  Matrix range     [3e-03, 1e+02]
  QMatrix range    [1e+00, 1e+00]
  QLMatrix range   [1e+00, 1e+00]
  Objective range  [1e+00, 1e+00]
  Bounds range     [1e+00, 1e+00]
  RHS range        [1e+01, 1e+02]
Presolve removed 1000 rows and 328 columns
Presolve time: 0.01s
Presolved: 9320 rows, 3354 columns, 26112 nonzeros
Presolved model has 1920 bilinear constraint(s)

Solving non-convex MIQCP

Variable types: 2898 continuous, 456 integer (456 binary)
Found heuristic solution: objective 240.0000000

Root relaxation: objective 2.160000e+02, 2612 iterations, 0.03 seconds (0.05 work units)

    Nodes    |    Current Node    |     Objective Bounds      |     Work
 Expl Unexpl |  Obj  Depth IntInf | Incumbent    BestBd   Gap | It/Node Time

     0     0  216.00000    0  464  240.00000  216.00000  10.0%     -    0s
     0     0  216.00000    0  464  240.00000  216.00000  10.0%     -    0s
     0     2  216.00000    0  464  240.00000  216.00000  10.0%     -    0s
  2257  2963  216.00000  161  489  240.00000  216.00000  10.0%   158    5s
H 4831  1562                     216.0000000  216.00000  0.00%   116    6s

Explored 5224 nodes (577287 simplex iterations) in 6.91 seconds (14.11 work units)
Thread count was 16 (of 16 available processors)

Solution count 2: 216 240 

Optimal solution found (tolerance 1.00e-04)
Best objective 2.160000000000e+02, best bound 2.160000000000e+02, gap 0.0000%
no warm start
Gurobi Optimizer version 11.0.2 build v11.0.2rc0 (linux64 - "Ubuntu 22.04.4 LTS")

CPU model: AMD Ryzen 7 5700X 8-Core Processor, instruction set [SSE2|AVX|AVX2]
Thread count: 8 physical cores, 16 logical processors, using up to 16 threads

Optimize a model with 5940 rows, 29122 columns and 139944 nonzeros
Model fingerprint: 0x9e7eceaa
Model has 270 quadratic constraints
Variable types: 27718 continuous, 1404 integer (1404 binary)
Coefficient statistics:
  Matrix range     [4e-03, 3e+04]
  QMatrix range    [1e+00, 1e+00]
  QLMatrix range   [1e+00, 1e+00]
  Objective range  [1e+00, 1e+00]
  Bounds range     [1e+00, 1e+00]
  RHS range        [3e+02, 3e+04]
Presolve removed 1647 rows and 12595 columns
Presolve time: 0.11s
Presolved: 39123 rows, 25167 columns, 231604 nonzeros
Presolved model has 8640 bilinear constraint(s)

Solving non-convex MIQCP

Variable types: 24006 continuous, 1161 integer (1161 binary)
Found heuristic solution: objective 270.0000000
Deterministic concurrent LP optimizer: primal and dual simplex
Showing primal log only...

Concurrent spin time: 0.00s

Solved with primal simplex

Use crossover to convert LP symmetric solution to basic solution...

Root relaxation: objective 2.430000e+02, 12931 iterations, 0.20 seconds (0.34 work units)

    Nodes    |    Current Node    |     Objective Bounds      |     Work
 Expl Unexpl |  Obj  Depth IntInf | Incumbent    BestBd   Gap | It/Node Time

     0     0  243.00000    0 6921  270.00000  243.00000  10.0%     -    6s
H    0     0                     269.0000000  243.00000  9.67%     -    7s
     0     0  243.00000    0 6840  269.00000  243.00000  9.67%     -   25s
     0     0  243.00000    0 6838  269.00000  243.00000  9.67%     -   26s
     0     0  243.00000    0 6797  269.00000  243.00000  9.67%     -   35s
     0     0  243.00000    0 6777  269.00000  243.00000  9.67%     -   36s
     0     0  243.00000    0 6759  269.00000  243.00000  9.67%     -   46s
     0     0  243.00000    0 6753  269.00000  243.00000  9.67%     -   46s
     0     0  243.00000    0 6746  269.00000  243.00000  9.67%     -   55s
     0     0  243.00000    0 6743  269.00000  243.00000  9.67%     -   55s
     0     0  243.00000    0 6736  269.00000  243.00000  9.67%     -   63s
     0     0  243.00000    0 6728  269.00000  243.00000  9.67%     -   63s
     0     0  243.00000    0 6713  269.00000  243.00000  9.67%     -   71s
     0     0  243.00000    0 6708  269.00000  243.00000  9.67%     -   71s
     0     0  243.00000    0 6684  269.00000  243.00000  9.67%     -   78s
     0     0  243.00000    0 6673  269.00000  243.00000  9.67%     -   79s
     0     0  243.00000    0 6628  269.00000  243.00000  9.67%     -   86s
     0     0  243.00000    0 6628  269.00000  243.00000  9.67%     -   86s
     0     0  243.00000    0 6625  269.00000  243.00000  9.67%     -   93s
     0     0  243.00000    0 6625  269.00000  243.00000  9.67%     -  100s
     0     2  243.00000    0 6625  269.00000  243.00000  9.67%     -  129s
     3     8  243.00000    2 6623  269.00000  243.00000  9.67%  2614  130s
    39    48  243.00000    7 6549  269.00000  243.00000  9.67%   990  135s
    71    91  243.00000   11 6573  269.00000  243.00000  9.67%   762  159s
    90   179  243.00000   14 6591  269.00000  243.00000  9.67%  1032  165s
   178   353  243.00000   25 6724  269.00000  243.00000  9.67%   729  176s
   352   723  243.00000   49 6861  269.00000  243.00000  9.67%   545  199s
   722   980  243.00000  101 7037  269.00000  243.00000  9.67%   393  348s
   979  2395  243.00000  134 7061  269.00000  243.00000  9.67%   479  386s
  2394  3423  243.00000  329 6931  269.00000  243.00000  9.67%   362  614s
  3422  4368  243.00000  489 6738  269.00000  243.00000  9.67%   338  662s
  4367  4986  243.00000  606 6590  269.00000  243.00000  9.67%   337  750s
  4985  5663  243.00000  700 6561  269.00000  243.00000  9.67%   364  867s
H 5108  5663                     268.0000000  243.00000  9.33%   386  867s
  5662  6182  243.00000  752 6537  268.00000  243.00000  9.33%   401  999s
  6181  6526  243.00000  820 6449  268.00000  243.00000  9.33%   467 1146s
  6525  6770  243.00000  886 6416  268.00000  243.00000  9.33%   545 1269s
  6769  7083  243.00000  889 6426  268.00000  243.00000  9.33%   598 1419s
  7082  7494  243.00000  941 6351  268.00000  243.00000  9.33%   675 1590s
  7494  7495  243.00000  641  242  268.00000  243.00000  9.33%   738 1650s
  7496  7496  243.00000  182   11  268.00000  243.00000  9.33%   738 1672s
  7497  7497  243.00000  764    0  268.00000  243.00000  9.33%   738 1681s
H 7498  7123                     259.0000000  243.00000  6.18%   738 1694s
H 7498  6766                     243.0000000  243.00000  0.00%   738 1703s

Cutting planes:
  Learned: 11

Explored 7498 nodes (5693448 simplex iterations) in 1703.36 seconds (3532.57 work units)
Thread count was 16 (of 16 available processors)

Solution count 5: 243 259 268 ... 270

Optimal solution found (tolerance 1.00e-04)
Best objective 2.430000000000e+02, best bound 2.430000000000e+02, gap 0.0000%
no warm start
Gurobi Optimizer version 11.0.2 build v11.0.2rc0 (linux64 - "Ubuntu 22.04.4 LTS")

CPU model: AMD Ryzen 7 5700X 8-Core Processor, instruction set [SSE2|AVX|AVX2]
Thread count: 8 physical cores, 16 logical processors, using up to 16 threads

Optimize a model with 2700 rows, 1954 columns and 8856 nonzeros
Model fingerprint: 0xd2023802
Model has 270 quadratic constraints
Variable types: 1198 continuous, 756 integer (756 binary)
Coefficient statistics:
  Matrix range     [3e-03, 1e+02]
  QMatrix range    [1e+00, 1e+00]
  QLMatrix range   [1e+00, 1e+00]
  Objective range  [1e+00, 1e+00]
  Bounds range     [1e+00, 1e+00]
  RHS range        [1e+01, 1e+02]
Presolve removed 1135 rows and 379 columns
Presolve time: 0.01s
Presolved: 10475 rows, 3735 columns, 29196 nonzeros
Presolved model has 2160 bilinear constraint(s)

Solving non-convex MIQCP

Variable types: 3222 continuous, 513 integer (513 binary)
Found heuristic solution: objective 270.0000000

Root relaxation: objective 2.430000e+02, 2911 iterations, 0.04 seconds (0.06 work units)

    Nodes    |    Current Node    |     Objective Bounds      |     Work
 Expl Unexpl |  Obj  Depth IntInf | Incumbent    BestBd   Gap | It/Node Time

     0     0  243.00000    0  336  270.00000  243.00000  10.0%     -    0s
     0     0  243.00000    0  336  270.00000  243.00000  10.0%     -    0s
     0     2  243.00000    0  336  270.00000  243.00000  10.0%     -    0s
  1569  2220  243.00000   91  537  270.00000  243.00000  10.0%   208    6s
  4620  5264  245.00000  304  406  270.00000  243.00000  10.0%   157   10s
H 6464  5711                     248.0000000  243.00000  2.02%   133   11s
  7588  6010  243.00000  120    0  248.00000  243.00000  2.02%   125   15s
H 7589  5710                     243.0000000  243.00000  0.00%   125   15s

Explored 7589 nodes (956990 simplex iterations) in 15.95 seconds (31.79 work units)
Thread count was 16 (of 16 available processors)

Solution count 3: 243 248 270 

Optimal solution found (tolerance 1.00e-04)
Best objective 2.430000000000e+02, best bound 2.430000000000e+02, gap 0.0000%
no warm start
Gurobi Optimizer version 11.0.2 build v11.0.2rc0 (linux64 - "Ubuntu 22.04.4 LTS")

CPU model: AMD Ryzen 7 5700X 8-Core Processor, instruction set [SSE2|AVX|AVX2]
Thread count: 8 physical cores, 16 logical processors, using up to 16 threads

Optimize a model with 6600 rows, 29530 columns and 157648 nonzeros
Model fingerprint: 0x74bbff75
Model has 300 quadratic constraints
Variable types: 27970 continuous, 1560 integer (1560 binary)
Coefficient statistics:
  Matrix range     [4e-03, 3e+04]
  QMatrix range    [1e+00, 1e+00]
  QLMatrix range   [1e+00, 1e+00]
  Objective range  [1e+00, 1e+00]
  Bounds range     [1e+00, 1e+00]
  RHS range        [3e+02, 3e+04]
Presolve removed 1830 rows and 12398 columns
Presolve time: 0.12s
Presolved: 43470 rows, 26732 columns, 259848 nonzeros
Presolved model has 9600 bilinear constraint(s)

Solving non-convex MIQCP

Variable types: 25442 continuous, 1290 integer (1290 binary)
Found heuristic solution: objective 300.0000000
Deterministic concurrent LP optimizer: primal and dual simplex
Showing primal log only...

Concurrent spin time: 0.01s

Solved with dual simplex

Use crossover to convert LP symmetric solution to basic solution...

Root relaxation: objective 2.700000e+02, 14297 iterations, 0.32 seconds (0.56 work units)

    Nodes    |    Current Node    |     Objective Bounds      |     Work
 Expl Unexpl |  Obj  Depth IntInf | Incumbent    BestBd   Gap | It/Node Time

     0     0  270.00000    0 5855  300.00000  270.00000  10.0%     -    7s
     0     0  270.00000    0 6159  300.00000  270.00000  10.0%     -   30s
     0     0  270.00000    0 6157  300.00000  270.00000  10.0%     -   31s
     0     0  270.00000    0 6103  300.00000  270.00000  10.0%     -   42s
     0     0  270.00000    0 6073  300.00000  270.00000  10.0%     -   44s
H    0     0                     297.0000000  270.00000  9.09%     -   54s
     0     0  270.00000    0 6006  297.00000  270.00000  9.09%     -   54s
     0     0  270.00000    0 5990  297.00000  270.00000  9.09%     -   56s
     0     0  270.00000    0 5969  297.00000  270.00000  9.09%     -   66s
     0     0  270.00000    0 5957  297.00000  270.00000  9.09%     -   67s
     0     0  270.00000    0 5917  297.00000  270.00000  9.09%     -   77s
     0     0  270.00000    0 5901  297.00000  270.00000  9.09%     -   78s
     0     0  270.00000    0 5918  297.00000  270.00000  9.09%     -   87s
     0     0  270.00000    0 5911  297.00000  270.00000  9.09%     -   87s
     0     0  270.00000    0 5792  297.00000  270.00000  9.09%     -   96s
     0     0  270.00000    0 5789  297.00000  270.00000  9.09%     -   97s
     0     0  270.00000    0 5755  297.00000  270.00000  9.09%     -  105s
     0     0  270.00000    0 5749  297.00000  270.00000  9.09%     -  106s
     0     0  270.00000    0 5732  297.00000  270.00000  9.09%     -  114s
     0     0  270.00000    0 5732  297.00000  270.00000  9.09%     -  121s
H    0     2                     296.0000000  270.00000  8.78%     -  161s
     0     2  270.00000    0 5732  296.00000  270.00000  8.78%     -  161s
     3     8  270.00000    2 5711  296.00000  270.00000  8.78%  4292  166s
    15    24  270.00000    4 5643  296.00000  270.00000  8.78%  1865  174s
    23    32  270.00000    5 5647  296.00000  270.00000  8.78%  2472  175s
H   35    40                     295.0000000  270.00000  8.47%  1720  176s
    55    81  270.00000    9 5647  295.00000  270.00000  8.47%  1188  181s
    80   149  270.00000   12 5644  295.00000  270.00000  8.47%   893  188s
   148   276  270.00000   20 5574  295.00000  270.00000  8.47%   606  202s
   275   549  270.00000   36 5570  295.00000  270.00000  8.47%   439  229s
   548  1531  270.00000   71 5650  295.00000  270.00000  8.47%   363  270s
  1530  1539  270.00000  191 5647  295.00000  270.00000  8.47%   292  380s
  1538  2653  270.00000  192 5650  295.00000  270.00000  8.47%   292  807s
  2652  3474  270.00000  338 5570  295.00000  270.00000  8.47%   227 1056s
H 3213  3474                     294.0000000  270.00000  8.16%   386 1056s
  3473  4288  270.00000  401 5421  294.00000  270.00000  8.16%   422 1357s
  4287  4906  270.00000  430 5427  294.00000  270.00000  8.16%   565 1696s
  4905  5300  270.00000  454 5459  294.00000  270.00000  8.16%   701 1930s
  5299  5532  270.00000  491 5466  294.00000  270.00000  8.16%   789 2172s
  5531  5914  270.00000  549 5461  294.00000  270.00000  8.16%   902 2488s
  5913  6096  270.00000  617 5485  294.00000  270.00000  8.16%  1016 2749s
  6095  6268  270.00000  667 5347  294.00000  270.00000  8.16%  1124 2999s
H 6101  6268                     293.0000000  270.00000  7.85%  1123 2999s
  6267  6441  270.00000  668 5347  293.00000  270.00000  7.85%  1175 3306s
  6440  6576  270.00000  714 5314  293.00000  270.00000  7.85%  1303 3594s
H 6475  6576                     292.0000000  270.00000  7.53%  1329 3594s
  6575  6706  270.00000  730 5299  292.00000  270.00000  7.53%  1408 3947s
  6705  6812  270.00000  736 5302  292.00000  270.00000  7.53%  1549 4286s
  6811  6946  270.00000  740 5312  292.00000  270.00000  7.53%  1679 5013s
  6945  7048  270.00000  750 5308  292.00000  270.00000  7.53%  1866 5403s
  7047  7190  270.00000  779 5262  292.00000  270.00000  7.53%  2015 5804s
  7189  7298  270.00000  809 5250  292.00000  270.00000  7.53%  2140 6190s
H 7236  7298                     291.0000000  270.00000  7.22%  2209 6190s
  7298  7299  270.00000  119  216  291.00000  270.00000  7.22%  2277 6261s
  7300  7300  270.00000  221  944  291.00000  270.00000  7.22%  2276 6287s
  7301  7301  270.00000  727  844  291.00000  270.00000  7.22%  2276 6299s
  7302  7302  270.00000  125  755  291.00000  270.00000  7.22%  2275 6300s
  7303  7302  270.00000  103  723  291.00000  270.00000  7.22%  2275 6311s
  7305  7304  270.00000  672  666  291.00000  270.00000  7.22%  2275 6324s
  7306  7304  270.00000  777  627  291.00000  270.00000  7.22%  2274 6326s
  7307  7305  270.00000  201  589  291.00000  270.00000  7.22%  2274 6339s
  7308  7306  270.00000  348  498  291.00000  270.00000  7.22%  2274 6351s
  7309  7306  270.00000  544  476  291.00000  270.00000  7.22%  2273 6368s
  7310  7307  270.00000  693  461  291.00000  270.00000  7.22%  2273 6374s
  7311  7308  270.00000    5  435  291.00000  270.00000  7.22%  2273 6389s
  7312  7308  270.00000  671  422  291.00000  270.00000  7.22%  2272 6394s
  7313  7309  270.00000  766  402  291.00000  270.00000  7.22%  2272 6407s
  7314  7310  270.00000  665  398  291.00000  270.00000  7.22%  2272 6413s
H 7314  6944                     290.0000000  270.00000  6.90%  2272 6425s
H 7316  6597                     289.0000000  270.00000  6.57%  2271 6441s
  7319  6599  270.00000   62  345  289.00000  270.00000  6.57%  2270 6456s
  7321  6600  270.00000  764  339  289.00000  270.00000  6.57%  2270 6469s
  7322  6601  270.00000  546  339  289.00000  270.00000  6.57%  2269 6479s
H 7322  6271                     270.0000000  270.00000  0.00%  2269 6510s

Cutting planes:
  Learned: 30
  Gomory: 8
  MIR: 269
  Flow cover: 67
  RLT: 54
  Relax-and-lift: 7

Explored 7322 nodes (16993088 simplex iterations) in 6510.92 seconds (10828.45 work units)
Thread count was 16 (of 16 available processors)

Solution count 10: 270 289 290 ... 297

Optimal solution found (tolerance 1.00e-04)
Best objective 2.700000000000e+02, best bound 2.700000000000e+02, gap 0.0000%
no warm start
Gurobi Optimizer version 11.0.2 build v11.0.2rc0 (linux64 - "Ubuntu 22.04.4 LTS")

CPU model: AMD Ryzen 7 5700X 8-Core Processor, instruction set [SSE2|AVX|AVX2]
Thread count: 8 physical cores, 16 logical processors, using up to 16 threads

Optimize a model with 3000 rows, 2146 columns and 9840 nonzeros
Model fingerprint: 0xa8f5a418
Model has 300 quadratic constraints
Variable types: 1306 continuous, 840 integer (840 binary)
Coefficient statistics:
  Matrix range     [3e-03, 1e+02]
  QMatrix range    [1e+00, 1e+00]
  QLMatrix range   [1e+00, 1e+00]
  Objective range  [1e+00, 1e+00]
  Bounds range     [1e+00, 1e+00]
  RHS range        [1e+01, 1e+02]
Presolve removed 1270 rows and 430 columns
Presolve time: 0.01s
Presolved: 11630 rows, 4116 columns, 32280 nonzeros
Presolved model has 2400 bilinear constraint(s)

Solving non-convex MIQCP

Variable types: 3546 continuous, 570 integer (570 binary)
Found heuristic solution: objective 300.0000000

Root relaxation: objective 2.700000e+02, 3339 iterations, 0.05 seconds (0.08 work units)

    Nodes    |    Current Node    |     Objective Bounds      |     Work
 Expl Unexpl |  Obj  Depth IntInf | Incumbent    BestBd   Gap | It/Node Time

     0     0  270.00000    0  387  300.00000  270.00000  10.0%     -    0s
     0     0  270.00000    0  576  300.00000  270.00000  10.0%     -    0s
     0     0  270.00000    0  513  300.00000  270.00000  10.0%     -    0s
     0     0  270.00000    0  513  300.00000  270.00000  10.0%     -    0s
H    0     0                     297.0000000  270.00000  9.09%     -    0s
     0     2  270.00000    0  513  297.00000  270.00000  9.09%     -    2s
  1269  1826  270.00000   91  573  297.00000  270.00000  9.09%  94.5    6s
H 2211  1315                     270.0000000  270.00000  0.00%   104    7s

Cutting planes:
  Learned: 6
  MIR: 14
  RLT: 25

Explored 2708 nodes (248789 simplex iterations) in 7.37 seconds (15.66 work units)
Thread count was 16 (of 16 available processors)

Solution count 3: 270 297 300 

Optimal solution found (tolerance 1.00e-04)
Best objective 2.700000000000e+02, best bound 2.700000000000e+02, gap 0.0000%
no warm start
Gurobi Optimizer version 11.0.2 build v11.0.2rc0 (linux64 - "Ubuntu 22.04.4 LTS")

CPU model: AMD Ryzen 7 5700X 8-Core Processor, instruction set [SSE2|AVX|AVX2]
Thread count: 8 physical cores, 16 logical processors, using up to 16 threads

Optimize a model with 7260 rows, 29938 columns and 173016 nonzeros
Model fingerprint: 0xf88dc3fc
Model has 330 quadratic constraints
Variable types: 28222 continuous, 1716 integer (1716 binary)
Coefficient statistics:
  Matrix range     [4e-03, 3e+04]
  QMatrix range    [1e+00, 1e+00]
  QLMatrix range   [1e+00, 1e+00]
  Objective range  [1e+00, 1e+00]
  Bounds range     [1e+00, 1e+00]
  RHS range        [3e+02, 3e+04]
Presolve removed 2013 rows and 11881 columns
Presolve time: 0.13s
Presolved: 47817 rows, 28617 columns, 285916 nonzeros
Presolved model has 10560 bilinear constraint(s)

Solving non-convex MIQCP

Variable types: 27198 continuous, 1419 integer (1419 binary)
Found heuristic solution: objective 330.0000000
Deterministic concurrent LP optimizer: primal and dual simplex
Showing primal log only...

Concurrent spin time: 0.00s

Solved with dual simplex

Use crossover to convert LP symmetric solution to basic solution...

Root relaxation: objective 2.970000e+02, 13231 iterations, 0.25 seconds (0.45 work units)

    Nodes    |    Current Node    |     Objective Bounds      |     Work
 Expl Unexpl |  Obj  Depth IntInf | Incumbent    BestBd   Gap | It/Node Time

     0     0  297.00000    0 6358  330.00000  297.00000  10.0%     -    7s
     0     0  297.00000    0 9568  330.00000  297.00000  10.0%     -   46s
     0     0  297.00000    0 9548  330.00000  297.00000  10.0%     -   48s
     0     0  297.00000    0 9434  330.00000  297.00000  10.0%     -   61s
     0     0  297.00000    0 9309  330.00000  297.00000  10.0%     -   63s
     0     0  297.00000    0 9289  330.00000  297.00000  10.0%     -   74s
     0     0  297.00000    0 9271  330.00000  297.00000  10.0%     -   76s
     0     0  297.00000    0 9209  330.00000  297.00000  10.0%     -   86s
     0     0  297.00000    0 9204  330.00000  297.00000  10.0%     -   87s
     0     0  297.00000    0 9183  330.00000  297.00000  10.0%     -   97s
     0     0  297.00000    0 9175  330.00000  297.00000  10.0%     -   97s
     0     0  297.00000    0 9174  330.00000  297.00000  10.0%     -  106s
     0     0  297.00000    0 9173  330.00000  297.00000  10.0%     -  106s
     0     0  297.00000    0 9163  330.00000  297.00000  10.0%     -  115s
     0     0  297.00000    0 9159  330.00000  297.00000  10.0%     -  115s
     0     0  297.00000    0 9139  330.00000  297.00000  10.0%     -  124s
     0     0  297.00000    0 9132  330.00000  297.00000  10.0%     -  124s
     0     0  297.00000    0 9095  330.00000  297.00000  10.0%     -  133s
     0     0  297.00000    0 9091  330.00000  297.00000  10.0%     -  134s
     0     0  297.00000    0 9065  330.00000  297.00000  10.0%     -  142s
     0     0  297.00000    0 9065  330.00000  297.00000  10.0%     -  149s
H    0     0                     324.0000000  297.00000  8.33%     -  170s
H    0     2                     323.0000000  297.00000  8.05%     -  183s
     0     2  297.00000    0 9065  323.00000  297.00000  8.05%     -  183s
     1     4  297.00000    1 9064  323.00000  297.00000  8.05%  5172  187s
     7    16  297.00000    3 9058  323.00000  297.00000  8.05%  1952  192s
    15    24  297.00000    4 8723  323.00000  297.00000  8.05%  2733  217s
H   31    40                     322.0000000  297.00000  7.76%  2663  219s
    39    48  297.00000    6 9049  322.00000  297.00000  7.76%  2167  220s
    82   169  297.00000   11 9050  322.00000  297.00000  7.76%  1143  234s
H  114   169                     321.0000000  297.00000  7.48%   851  234s
   168   334  297.00000   22 8986  321.00000  297.00000  7.48%   606  255s
H  183   334                     320.0000000  297.00000  7.19%   562  255s
   333   582  297.00000   44 8942  320.00000  297.00000  7.19%   353  290s
   581   796  297.00000   78 8740  320.00000  297.00000  7.19%   374  354s
H  752   796                     319.0000000  297.00000  6.90%   425  354s
   795  1248  297.00000  111 8799  319.00000  297.00000  6.90%   454  498s
  1247  2815  297.00000  168 8934  319.00000  297.00000  6.90%   351 1183s
  2814  4779  297.00000  353 8715  319.00000  297.00000  6.90%   254 1288s
H 2821  4779                     318.0000000  297.00000  6.60%   255 1288s
  4778  5510  297.00000  359 8649  318.00000  297.00000  6.60%   277 1390s
H 4828  5510                     317.0000000  297.00000  6.31%   279 1390s
H 5509  6868                     316.0000000  297.00000  6.01%   289 1464s
  6867  7770  297.00000  648 8393  316.00000  297.00000  6.01%   322 1535s
  7770  7771  297.00000  443  320  316.00000  297.00000  6.01%   359 1789s
  7772  7772  297.00000  528 1026  316.00000  297.00000  6.01%   359 1799s
  7773  7773  297.00000   80  642  316.00000  297.00000  6.01%   359 1813s
  7774  7774  297.00000  277  640  316.00000  297.00000  6.01%   359 1815s
  7775  7774  297.00000  301  625  316.00000  297.00000  6.01%   359 1827s
  7776  7775  297.00000 1018  611  316.00000  297.00000  6.01%   359 1830s
  7777  7776  297.00000  838  607  316.00000  297.00000  6.01%   359 1843s
  7778  7776  297.00000  639  613  316.00000  297.00000  6.01%   359 1847s
  7779  7777  297.00000  407  564  316.00000  297.00000  6.01%   359 1864s
  7780  7778  297.00000  414  531  316.00000  297.00000  6.01%   359 1872s
H 7780  7388                     315.0000000  297.00000  5.71%   359 1891s
H 7781  7019                     314.0000000  297.00000  5.41%   359 1902s
  7783  7021  297.00000   29  480  314.00000  297.00000  5.41%   359 1920s
  7784  7021  297.00000  343  447  314.00000  297.00000  5.41%   359 1928s
  7785  7022  297.00000  528  422  314.00000  297.00000  5.41%   359 1946s
H 7785  6670                     313.0000000  297.00000  5.11%   359 1950s
  7787  6671  297.00000  746  402  313.00000  297.00000  5.11%   359 1967s
  7788  6672  297.00000  741  387  313.00000  297.00000  5.11%   359 1971s
  7789  6673  297.00000  441  377  313.00000  297.00000  5.11%   359 1985s
H 7790  6339                     312.0000000  297.00000  4.81%   358 2001s
  7792  6341  297.00000  476  359  312.00000  297.00000  4.81%   358 2012s
H 7792  6024                     297.0000000  297.00000  0.00%   358 2044s

Cutting planes:
  Learned: 33
  Gomory: 5
  MIR: 311
  Flow cover: 57
  RLT: 59
  Relax-and-lift: 4

Explored 7792 nodes (3175138 simplex iterations) in 2044.65 seconds (3362.33 work units)
Thread count was 16 (of 16 available processors)

Solution count 10: 297 312 313 ... 320

Optimal solution found (tolerance 1.00e-04)
Best objective 2.970000000000e+02, best bound 2.970000000000e+02, gap 0.0000%
no warm start
Gurobi Optimizer version 11.0.2 build v11.0.2rc0 (linux64 - "Ubuntu 22.04.4 LTS")

CPU model: AMD Ryzen 7 5700X 8-Core Processor, instruction set [SSE2|AVX|AVX2]
Thread count: 8 physical cores, 16 logical processors, using up to 16 threads

Optimize a model with 3300 rows, 2338 columns and 10824 nonzeros
Model fingerprint: 0x5c412479
Model has 330 quadratic constraints
Variable types: 1414 continuous, 924 integer (924 binary)
Coefficient statistics:
  Matrix range     [3e-03, 1e+02]
  QMatrix range    [1e+00, 1e+00]
  QLMatrix range   [1e+00, 1e+00]
  Objective range  [1e+00, 1e+00]
  Bounds range     [1e+00, 1e+00]
  RHS range        [1e+01, 1e+02]
Presolve removed 1405 rows and 481 columns
Presolve time: 0.01s
Presolved: 12785 rows, 4497 columns, 35364 nonzeros
Presolved model has 2640 bilinear constraint(s)

Solving non-convex MIQCP

Variable types: 3870 continuous, 627 integer (627 binary)
Found heuristic solution: objective 330.0000000

Root relaxation: objective 2.970000e+02, 3531 iterations, 0.05 seconds (0.09 work units)

    Nodes    |    Current Node    |     Objective Bounds      |     Work
 Expl Unexpl |  Obj  Depth IntInf | Incumbent    BestBd   Gap | It/Node Time

     0     0  297.00000    0  610  330.00000  297.00000  10.0%     -    0s
     0     0  297.00000    0  610  330.00000  297.00000  10.0%     -    0s
     0     2  297.00000    0  610  330.00000  297.00000  10.0%     -    0s
   402   834  297.00000   27  613  330.00000  297.00000  10.0%   358    5s
  1634  2376  297.00000  162  744  330.00000  297.00000  10.0%   322   11s
  3185  4250  297.00000  288  526  330.00000  297.00000  10.0%   274   15s
  7589  7133  307.00000  605    0  330.00000  297.00000  10.0%   164   22s
H 7590  6777                     297.0000000  297.00000  0.00%   164   23s

Explored 7590 nodes (1254305 simplex iterations) in 23.30 seconds (46.92 work units)
Thread count was 16 (of 16 available processors)

Solution count 2: 297 330 

Optimal solution found (tolerance 1.00e-04)
Best objective 2.970000000000e+02, best bound 2.970000000000e+02, gap 0.0000%
