nohup: ignoring input
2024-07-31 10:28:45.170967: I external/local_xla/xla/tsl/cuda/cudart_stub.cc:32] Could not find cuda drivers on your machine, GPU will not be used.
2024-07-31 10:28:45.176226: I external/local_xla/xla/tsl/cuda/cudart_stub.cc:32] Could not find cuda drivers on your machine, GPU will not be used.
2024-07-31 10:28:45.191861: E external/local_xla/xla/stream_executor/cuda/cuda_fft.cc:485] Unable to register cuFFT factory: Attempting to register factory for plugin cuFFT when one has already been registered
2024-07-31 10:28:45.218488: E external/local_xla/xla/stream_executor/cuda/cuda_dnn.cc:8454] Unable to register cuDNN factory: Attempting to register factory for plugin cuDNN when one has already been registered
2024-07-31 10:28:45.225889: E external/local_xla/xla/stream_executor/cuda/cuda_blas.cc:1452] Unable to register cuBLAS factory: Attempting to register factory for plugin cuBLAS when one has already been registered
2024-07-31 10:28:45.245904: I tensorflow/core/platform/cpu_feature_guard.cc:210] This TensorFlow binary is optimized to use available CPU instructions in performance-critical operations.
To enable the following instructions: AVX2 FMA, in other operations, rebuild TensorFlow with the appropriate compiler flags.
2024-07-31 10:28:49.827678: W tensorflow/compiler/tf2tensorrt/utils/py_utils.cc:38] TF-TRT Warning: Could not find TensorRT
[0.0, 0.001, 0.1, 1.0]
933
no warm start
Set parameter TokenServer to value "vm-gurobi-license.doc.ic.ac.uk"
Gurobi Optimizer version 11.0.2 build v11.0.2rc0 (linux64 - "Ubuntu 22.04.4 LTS")

CPU model: Intel(R) Core(TM) i7-8700 CPU @ 3.20GHz, instruction set [SSE2|AVX|AVX2]
Thread count: 6 physical cores, 12 logical processors, using up to 12 threads

Optimize a model with 240 rows, 248 columns and 568 nonzeros
Model fingerprint: 0xadc99bdd
Model has 80 quadratic constraints
Variable types: 200 continuous, 48 integer (48 binary)
Coefficient statistics:
  Matrix range     [1e-02, 4e+01]
  QMatrix range    [1e+00, 1e+00]
  QLMatrix range   [1e+00, 2e+00]
  Objective range  [1e+00, 1e+00]
  Bounds range     [1e+00, 1e+00]
  RHS range        [2e+01, 4e+01]
  QRHS range       [1e+00, 1e+00]
Presolve removed 88 rows and 0 columns
Presolve time: 0.00s
Presolved: 552 rows, 368 columns, 1560 nonzeros
Presolved model has 40 quadratic constraint(s)
Presolved model has 80 bilinear constraint(s)

Solving non-convex MIQCP

Variable types: 320 continuous, 48 integer (48 binary)
Found heuristic solution: objective 40.0000000

Root relaxation: objective 3.600000e+01, 102 iterations, 0.00 seconds (0.00 work units)

    Nodes    |    Current Node    |     Objective Bounds      |     Work
 Expl Unexpl |  Obj  Depth IntInf | Incumbent    BestBd   Gap | It/Node Time

     0     0   36.00000    0    6   40.00000   36.00000  10.0%     -    0s
     0     0   36.00000    0   13   40.00000   36.00000  10.0%     -    0s
     0     0   36.00000    0   12   40.00000   36.00000  10.0%     -    0s
     0     0   36.00000    0   12   40.00000   36.00000  10.0%     -    0s
     0     0   36.00000    0   13   40.00000   36.00000  10.0%     -    0s
     0     0   36.00000    0   14   40.00000   36.00000  10.0%     -    0s
     0     0   36.00000    0    8   40.00000   36.00000  10.0%     -    0s
     0     0   36.00000    0    7   40.00000   36.00000  10.0%     -    0s
     0     0   36.00000    0    8   40.00000   36.00000  10.0%     -    0s
H    0     0                      39.2500000   36.00000  8.28%     -    0s
     0     0   36.00000    0    8   39.25000   36.00000  8.28%     -    0s
     0     0   36.00000    0    7   39.25000   36.00000  8.28%     -    0s
     0     0   36.00000    0    7   39.25000   36.00000  8.28%     -    0s
     0     0   36.00000    0    7   39.25000   36.00000  8.28%     -    0s
H    0     0                      39.0011948   36.00000  7.70%     -    0s
H    0     0                      39.0000000   36.00000  7.69%     -    0s
H    0     0                      38.0036770   36.00000  5.27%     -    0s
H    0     2                      38.0034040   36.00000  5.27%     -    0s
     0     2   36.00000    0    7   38.00340   36.00000  5.27%     -    0s
H    3     8                      38.0000001   36.00000  5.26%   9.3    0s
H   35    44                      37.0000002   36.00000  2.70%  13.8    0s
H   84   120                      36.0000002   36.00000  0.00%   9.8    0s
*   84   120               9      36.0000002   36.00000  0.00%   9.9    0s

Cutting planes:
  Implied bound: 4
  MIR: 2
  Flow cover: 6
  RLT: 1

Explored 127 nodes (1536 simplex iterations) in 0.17 seconds (0.05 work units)
Thread count was 12 (of 12 available processors)

Solution count 9: 36 37 38 ... 40

Optimal solution found (tolerance 1.00e-04)
Best objective 3.600000020120e+01, best bound 3.600000000000e+01, gap 0.0000%
no warm start
REGULARISATION L1
Gurobi Optimizer version 11.0.2 build v11.0.2rc0 (linux64 - "Ubuntu 22.04.4 LTS")

CPU model: Intel(R) Core(TM) i7-8700 CPU @ 3.20GHz, instruction set [SSE2|AVX|AVX2]
Thread count: 6 physical cores, 12 logical processors, using up to 12 threads

Optimize a model with 368 rows, 312 columns and 824 nonzeros
Model fingerprint: 0x0be6fcb6
Model has 80 quadratic constraints
Variable types: 264 continuous, 48 integer (48 binary)
Coefficient statistics:
  Matrix range     [1e-02, 4e+01]
  QMatrix range    [1e+00, 1e+00]
  QLMatrix range   [1e+00, 2e+00]
  Objective range  [1e-03, 1e+00]
  Bounds range     [1e+00, 1e+00]
  RHS range        [2e+01, 4e+01]
  QRHS range       [1e+00, 1e+00]
Presolve removed 88 rows and 0 columns
Presolve time: 0.00s
Presolved: 680 rows, 432 columns, 1816 nonzeros
Presolved model has 40 quadratic constraint(s)
Presolved model has 80 bilinear constraint(s)

Solving non-convex MIQCP

Variable types: 384 continuous, 48 integer (48 binary)
Found heuristic solution: objective 40.0000000

Root relaxation: objective 3.600000e+01, 158 iterations, 0.00 seconds (0.00 work units)

    Nodes    |    Current Node    |     Objective Bounds      |     Work
 Expl Unexpl |  Obj  Depth IntInf | Incumbent    BestBd   Gap | It/Node Time

     0     0   36.00000    0   26   40.00000   36.00000  10.0%     -    0s
     0     0   36.00014    0   45   40.00000   36.00014  10.0%     -    0s
     0     0   36.00017    0   49   40.00000   36.00017  10.0%     -    0s
     0     0   36.00031    0   35   40.00000   36.00031  10.0%     -    0s
     0     0   36.00031    0   35   40.00000   36.00031  10.0%     -    0s
     0     2   36.00031    0   35   40.00000   36.00031  10.0%     -    0s
H   85   246                      39.0601987   36.00093  7.83%  14.7    0s
H  117   246                      38.9689050   36.00093  7.62%  13.7    0s
H  249   444                      38.9688245   36.00093  7.62%  14.8    0s
H  288   444                      38.5991627   36.00093  6.73%  14.4    0s
H  453   691                      38.5975817   36.00093  6.73%  13.9    0s
H  455   689                      38.1771788   36.00093  5.70%  13.9    0s
H  490   688                      37.9945177   36.00093  5.25%  13.0    0s
*  490   688              70      37.9945177   36.00093  5.25%  13.0    0s
H  514   669                      37.6897222   36.00093  4.48%  13.1    0s
H  611   648                      37.0095735   36.00093  2.73%  12.9    0s
*  611   648              59      37.0095735   36.00093  2.73%  12.9    0s
H  738   617                      37.0079751   36.00093  2.72%  11.9    0s
H  874   553                      36.4875172   36.00093  1.33%  12.3    0s
H  897   744                      36.4858829   36.00102  1.33%  12.1    0s
H  955   699                      36.1488999   36.00102  0.41%  12.5    0s
H 1184   904                      36.1487380   36.00102  0.41%  12.9    0s
H 1265   897                      36.0986034   36.00102  0.27%  13.4    0s
H 1498   895                      36.0986034   36.00102  0.27%  13.4    0s
H 1503   854                      36.0983466   36.00102  0.27%  13.3    0s
H 1509   814                      36.0093705   36.00102  0.02%  13.3    0s
H 1538   805                      36.0093695   36.00102  0.02%  13.6    1s
H 2450  1308                      36.0093016   36.00103  0.02%  14.3    1s
* 2450  1308              91      36.0093016   36.00103  0.02%  14.3    1s
H 4973  2094                      36.0092503   36.00130  0.02%  16.1    2s
H 8368  3794                      36.0092500   36.00190  0.02%  16.7    3s
H 9031  3691                      36.0091491   36.00194  0.02%  16.5    3s
* 9031  3691              45      36.0091491   36.00194  0.02%  16.5    3s
H10453  4104                      36.0089347   36.00199  0.02%  16.7    4s
 14955  6389   36.00384   30   29   36.00893   36.00227  0.02%  17.0    5s
H16303  6387                      36.0089250   36.00232  0.02%  17.0    5s
 33968 13235   36.00626   29   38   36.00892   36.00274  0.02%  17.3   10s
 58757 21467   36.00764   32   36   36.00892   36.00308  0.02%  17.4   15s
 86858 29411   36.00694   38   44   36.00892   36.00339  0.02%  17.3   20s
 110253 35228     cutoff   42        36.00892   36.00359  0.01%  17.3   25s
H124847 38382                      36.0089201   36.00368  0.01%  17.3   27s
*124847 38382              41      36.0089201   36.00368  0.01%  17.3   27s
*129664 40033              47      36.0088774   36.00373  0.01%  17.4   29s
H133773 40589                      36.0088639   36.00376  0.01%  17.4   30s
H133785 40378                      36.0087751   36.00376  0.01%  17.4   30s
H156458 45766                      36.0087742   36.00391  0.01%  17.4   34s
 161988 47017     cutoff   43        36.00877   36.00395  0.01%  17.3   35s
 191432 53409 infeasible   41        36.00877   36.00411  0.01%  17.4   40s
 216094 58391   36.00496   26   26   36.00877   36.00423  0.01%  17.3   45s
 242711 63833   36.00552   30   29   36.00877   36.00435  0.01%  17.3   50s
 274065 69857   36.00761   29   21   36.00877   36.00448  0.01%  17.3   55s
 301625 74572   36.00521   40   18   36.00877   36.00459  0.01%  17.3   60s
 325597 78517     cutoff   31        36.00877   36.00467  0.01%  17.3   65s
 351885 82823     cutoff   40        36.00877   36.00476  0.01%  17.3   70s
 377800 87125     cutoff   38        36.00877   36.00484  0.01%  17.3   75s
*390002 88851              69      36.0087706   36.00487  0.01%  17.3   77s
H392629 89157                      36.0087437   36.00488  0.01%  17.3   77s
 403316 90943   36.00744   45   40   36.00874   36.00491  0.01%  17.3   80s
 431303 94880   36.00516   27   10   36.00874   36.00499  0.01%  17.2   85s
 449377 97316     cutoff   27        36.00874   36.00504  0.01%  17.2   90s
 475982 100589   36.00763   35   15   36.00874   36.00511  0.01%  17.2   95s

Cutting planes:
  Gomory: 2
  MIR: 3
  Flow cover: 1
  RLT: 54

Explored 492575 nodes (8467367 simplex iterations) in 98.03 seconds (40.33 work units)
Thread count was 12 (of 12 available processors)

Solution count 10: 36.0087 36.0087 36.0088 ... 36.0091

Optimal solution found (tolerance 1.00e-04)
Best objective 3.600874718022e+01, best bound 3.600514795771e+01, gap 0.0100%
no warm start
REGULARISATION L1
Gurobi Optimizer version 11.0.2 build v11.0.2rc0 (linux64 - "Ubuntu 22.04.4 LTS")

CPU model: Intel(R) Core(TM) i7-8700 CPU @ 3.20GHz, instruction set [SSE2|AVX|AVX2]
Thread count: 6 physical cores, 12 logical processors, using up to 12 threads

Optimize a model with 368 rows, 312 columns and 824 nonzeros
Model fingerprint: 0xfd265ed6
Model has 80 quadratic constraints
Variable types: 264 continuous, 48 integer (48 binary)
Coefficient statistics:
  Matrix range     [1e-02, 4e+01]
  QMatrix range    [1e+00, 1e+00]
  QLMatrix range   [1e+00, 2e+00]
  Objective range  [1e-01, 1e+00]
  Bounds range     [1e+00, 1e+00]
  RHS range        [2e+01, 4e+01]
  QRHS range       [1e+00, 1e+00]
Presolve removed 88 rows and 0 columns
Presolve time: 0.00s
Presolved: 680 rows, 432 columns, 1816 nonzeros
Presolved model has 40 quadratic constraint(s)
Presolved model has 80 bilinear constraint(s)

Solving non-convex MIQCP

Variable types: 384 continuous, 48 integer (48 binary)
Found heuristic solution: objective 40.0000000

Root relaxation: objective 3.600000e+01, 158 iterations, 0.00 seconds (0.00 work units)

    Nodes    |    Current Node    |     Objective Bounds      |     Work
 Expl Unexpl |  Obj  Depth IntInf | Incumbent    BestBd   Gap | It/Node Time

     0     0   36.00000    0   26   40.00000   36.00000  10.0%     -    0s
     0     0   36.01383    0   45   40.00000   36.01383  10.0%     -    0s
     0     0   36.01710    0   49   40.00000   36.01710  10.0%     -    0s
     0     0   36.03079    0   35   40.00000   36.03079  9.92%     -    0s
     0     0   36.03079    0   38   40.00000   36.03079  9.92%     -    0s
     0     0   36.04520    0   30   40.00000   36.04520  9.89%     -    0s
     0     0   36.05742    0   32   40.00000   36.05742  9.86%     -    0s
     0     0   36.05845    0   32   40.00000   36.05845  9.85%     -    0s
H    0     0                      39.3206155   36.05845  8.30%     -    0s
     0     0   36.05897    0   32   39.32062   36.05897  8.29%     -    0s
     0     0   36.05897    0   32   39.32062   36.05897  8.29%     -    0s
H    0     0                      39.3121039   36.05897  8.28%     -    0s
     0     0   36.05897    0   32   39.31210   36.05897  8.28%     -    0s
     0     2   36.05897    0   32   39.31210   36.05897  8.28%     -    0s
H   51    56                      39.3036544   36.08154  8.20%  18.1    0s
H   77    86                      39.2855065   36.08154  8.16%  19.2    0s
H  235   284                      38.7836893   36.08154  6.97%  18.4    0s
H  283   344                      38.7836893   36.08154  6.97%  17.5    0s
H  293   344                      38.7746442   36.08154  6.95%  17.1    0s
H  303   344                      38.7681353   36.08154  6.93%  17.0    0s
H  415   498                      38.7681353   36.08154  6.93%  16.3    0s
H  439   480                      37.8321546   36.08154  4.63%  15.9    0s
*  439   480              47      37.8321546   36.08154  4.63%  15.9    0s
H  817   568                      37.1169221   36.08154  2.79%  14.4    0s
*  817   568              70      37.1169221   36.08154  2.79%  14.4    0s
H  855   485                      36.9505840   36.10086  2.30%  14.3    0s
*  855   485              80      36.9505840   36.10086  2.30%  14.4    0s
H 1065   494                      36.9505840   36.10086  2.30%  14.9    0s
H 1073   494                      36.9505840   36.10086  2.30%  15.0    0s
H 1080   488                      36.9329968   36.10086  2.25%  15.0    0s
H 2204   949                      36.9233691   36.12697  2.16%  20.1    1s
H 3228  1380                      36.9109211   36.12709  2.12%  21.8    2s
H 3229  1380                      36.9109211   36.12709  2.12%  21.8    2s
H 3230  1380                      36.9109211   36.12709  2.12%  21.8    2s
 12505  5697     cutoff   41        36.91092   36.21129  1.90%  21.8    5s
 33334 15416     cutoff   40        36.91092   36.26064  1.76%  22.1   10s
 49561 22908   36.68055   39   24   36.91092   36.28786  1.69%  22.7   15s
H63146 28290                      36.8928271   36.30566  1.59%  22.8   18s
*63146 28290             113      36.8928271   36.30566  1.59%  22.8   18s
H63901 28582                      36.8928260   36.30569  1.59%  22.9   19s
H63991 28582                      36.8928259   36.30589  1.59%  22.9   19s
H64905 28992                      36.8928259   36.30589  1.59%  22.9   19s
H65020 28992                      36.8928255   36.30703  1.59%  22.9   19s
H65383 28992                      36.8928249   36.30732  1.59%  22.9   19s
H66080 28992                      36.8928248   36.30764  1.59%  22.9   19s
 66319 29600   36.81006   43   26   36.89282   36.30970  1.58%  22.9   20s
H66886 29600                      36.8928248   36.31003  1.58%  22.9   20s
H68526 30112                      36.8928248   36.31124  1.58%  23.0   20s
H70185 30639                      36.8928248   36.31349  1.57%  23.0   20s
H71921 30831                      36.8753253   36.31633  1.52%  23.0   21s
H71964 31350                      36.8753253   36.31648  1.52%  23.0   22s
H72554 31350                      36.8753253   36.31675  1.51%  23.0   22s
H73958 32128                      36.8753253   36.31797  1.51%  23.1   22s
H75935 32174                      36.8615702   36.31859  1.47%  23.1   23s
H77565 33035                      36.8615701   36.32055  1.47%  23.1   23s
 82725 34905     cutoff   37        36.86157   36.32652  1.45%  23.2   25s
H83954 34727                      36.8565615   36.32688  1.44%  23.2   25s
 96951 39119   36.51069   40   28   36.85656   36.33932  1.40%  23.4   30s
H109035 43564                      36.8559747   36.34954  1.37%  23.6   34s
H109080 44146                      36.8559747   36.34955  1.37%  23.6   34s
H109202 44146                      36.8559746   36.34957  1.37%  23.6   34s
H109292 44146                      36.8559746   36.34957  1.37%  23.6   34s
H109527 44146                      36.8559746   36.34963  1.37%  23.6   34s
H110185 44146                      36.8559746   36.34976  1.37%  23.6   34s
H110547 44737                      36.8559745   36.35034  1.37%  23.6   34s
 112024 45213   36.72189   40   24   36.85597   36.35163  1.37%  23.7   35s
H113725 45627                      36.8559745   36.35296  1.36%  23.7   35s
 131064 51321   36.46310   38   21   36.85597   36.36539  1.33%  23.8   40s
H136972 53234                      36.8559745   36.36898  1.32%  23.9   41s
H139212 53697                      36.8559745   36.37022  1.32%  23.9   41s
 149225 57292   36.77606   40   24   36.85597   36.37563  1.30%  24.0   45s
H151368 57822                      36.8559745   36.37672  1.30%  24.0   45s
H156806 59315                      36.8559745   36.38003  1.29%  24.1   46s
 168106 63244   36.54171   42   28   36.85597   36.38515  1.28%  24.2   50s
 185879 68586   36.83185   47   24   36.85597   36.39256  1.26%  24.3   55s
 202192 73230   36.44092   36   12   36.85597   36.39983  1.24%  24.3   60s
 221055 78362   36.62025   38   24   36.85597   36.40662  1.22%  24.5   65s
 240162 83722     cutoff   50        36.85597   36.41307  1.20%  24.6   70s
H240164 83722                      36.8559744   36.41307  1.20%  24.6   70s
 253274 87191   36.50786   37   27   36.85597   36.41769  1.19%  24.6   75s
 272780 92296   36.69998   39   18   36.85597   36.42401  1.17%  24.7   80s
 287522 96321     cutoff   45        36.85597   36.42841  1.16%  24.7   85s
 307678 101422   36.51763   38   24   36.85597   36.43376  1.15%  24.8   90s
H310415 101949                      36.8559744   36.43446  1.14%  24.8   90s
 326288 106331     cutoff   32        36.85597   36.43870  1.13%  24.9   95s
 348314 111714   36.61914   40   24   36.85597   36.44400  1.12%  24.9  100s
 368360 116511   36.78662   49   16   36.85597   36.44873  1.10%  25.0  105s
 390120 121697   36.77309   29   17   36.85597   36.45362  1.09%  25.0  111s
 407799 125621   36.76238   36   14   36.85597   36.45708  1.08%  25.1  115s
 431757 131062   36.55528   38   22   36.85597   36.46166  1.07%  25.2  120s
 459342 137394   36.49664   44   24   36.85597   36.46650  1.06%  25.2  125s
 484608 142686   36.55853   39   22   36.85597   36.47098  1.04%  25.3  130s
 512054 148762   36.52262   38   20   36.85597   36.47523  1.03%  25.3  135s
 535686 153693   36.80050   45   32   36.85597   36.47895  1.02%  25.4  140s
 553009 157630   36.66676   37   22   36.85597   36.48164  1.02%  25.4  145s
 572996 161446     cutoff   50        36.85597   36.48480  1.01%  25.4  150s
H592752 165138                      36.8559744   36.48770  1.00%  25.4  154s
 593378 165521   36.70389   44   29   36.85597   36.48796  1.00%  25.4  155s
 610372 168812     cutoff   44        36.85597   36.49035  0.99%  25.4  160s
 628662 172398     cutoff   45        36.85597   36.49287  0.99%  25.5  165s
 648741 176292     cutoff   44        36.85597   36.49548  0.98%  25.5  170s
 667153 179630   36.77251   38   18   36.85597   36.49792  0.97%  25.5  175s
 687252 183502     cutoff   41        36.85597   36.50044  0.96%  25.5  180s
 703837 186652     cutoff   39        36.85597   36.50241  0.96%  25.5  185s
 722172 190196   36.66941   46   21   36.85597   36.50445  0.95%  25.6  190s
 740589 193470   36.73377   46   24   36.85597   36.50654  0.95%  25.6  195s
 760953 196929   36.73510   45   21   36.85597   36.50902  0.94%  25.6  200s
 775517 199420   36.85434   44   28   36.85597   36.51064  0.94%  25.6  205s
 795522 203079   36.55571   39   15   36.85597   36.51284  0.93%  25.6  210s
 808777 205097     cutoff   44        36.85597   36.51426  0.93%  25.6  215s
 823408 207626   36.63482   39   24   36.85597   36.51593  0.92%  25.7  220s
 842648 210974     cutoff   49        36.85597   36.51787  0.92%  25.7  225s
 861308 214091     cutoff   42        36.85597   36.51976  0.91%  25.7  230s
 881381 217451   36.65021   40   26   36.85597   36.52184  0.91%  25.7  235s
 899509 220550     cutoff   44        36.85597   36.52372  0.90%  25.7  240s
 917896 223514   36.78557   43   22   36.85597   36.52552  0.90%  25.7  245s
H934636 225961                      36.8559743   36.52718  0.89%  25.7  249s
 936131 225992   36.69792   41   28   36.85597   36.52733  0.89%  25.7  250s
 953429 228923   36.72937   43   23   36.85597   36.52894  0.89%  25.7  255s
 971740 231803     cutoff   40        36.85597   36.53069  0.88%  25.8  260s
 991682 234853     cutoff   47        36.85597   36.53253  0.88%  25.8  265s
 1006172 237113     cutoff   42        36.85597   36.53382  0.87%  25.8  270s
 1027464 240193     cutoff   47        36.85597   36.53570  0.87%  25.8  275s
H1040845 242189                      36.8559743   36.53684  0.87%  25.8  278s
 1046154 242796     cutoff   49        36.85597   36.53730  0.86%  25.8  280s
 1063132 245382   36.57994   41   32   36.85597   36.53873  0.86%  25.8  285s
 1083247 248309   36.66135   33   24   36.85597   36.54050  0.86%  25.8  290s
 1107147 251890   36.71990   42   28   36.85597   36.54248  0.85%  25.9  295s
 1132522 255391   36.79584   51   21   36.85597   36.54458  0.84%  25.9  300s
 1151023 257965   36.68287   45   24   36.85597   36.54609  0.84%  25.9  305s
 1177575 261447   36.82624   45   24   36.85597   36.54828  0.83%  25.9  310s
 1203170 264564     cutoff   38        36.85597   36.55036  0.83%  25.9  315s
 1228874 268206   36.68604   51   24   36.85597   36.55245  0.82%  25.9  320s
 1256530 271686   36.82916   42   18   36.85597   36.55443  0.82%  25.9  325s
 1279253 274319   36.73032   42   21   36.85597   36.55609  0.81%  25.9  330s
 1306862 277858     cutoff   45        36.85597   36.55811  0.81%  26.0  335s
 1330685 280327     cutoff   36        36.85597   36.55992  0.80%  26.0  340s
 1354648 283604   36.76409   38   13   36.85597   36.56160  0.80%  26.0  345s
 1375853 285988   36.74801   41   20   36.85597   36.56322  0.79%  26.0  350s
 1401843 289009     cutoff   46        36.85597   36.56495  0.79%  26.0  355s
 1427438 291976     cutoff   44        36.85597   36.56668  0.78%  26.0  360s
 1452963 295061   36.64972   43   29   36.85597   36.56844  0.78%  26.0  365s
 1476866 297709   36.65897   44   33   36.85597   36.57011  0.78%  26.0  370s
 1501305 300421     cutoff   43        36.85597   36.57179  0.77%  26.1  375s
 1526838 303245   36.80752   38   18   36.85597   36.57338  0.77%  26.1  380s
 1554322 305967   36.82532   49   28   36.85597   36.57514  0.76%  26.1  385s
 1576251 308227     cutoff   37        36.85597   36.57644  0.76%  26.1  390s
 1601018 311206   36.81480   45   12   36.85597   36.57797  0.75%  26.1  395s
 1628551 313853     cutoff   47        36.85597   36.57968  0.75%  26.1  400s
 1653843 316304     cutoff   42        36.85597   36.58128  0.75%  26.1  405s
 1678169 318908   36.76738   41   20   36.85597   36.58269  0.74%  26.1  410s
 1702172 321211     cutoff   32        36.85597   36.58423  0.74%  26.1  415s
 1727981 323565     cutoff   48        36.85597   36.58579  0.73%  26.1  420s
 1750054 325568     cutoff   40        36.85597   36.58706  0.73%  26.1  425s
 1768419 327151   36.64237   44   21   36.85597   36.58816  0.73%  26.1  430s
 1788486 328855     cutoff   44        36.85597   36.58934  0.72%  26.1  435s
 1808611 330664     cutoff   42        36.85597   36.59059  0.72%  26.1  440s
 1825097 332029   36.67943   45   33   36.85597   36.59151  0.72%  26.1  445s
 1845448 333808     cutoff   44        36.85597   36.59266  0.71%  26.1  450s
 1863597 335362     cutoff   43        36.85597   36.59363  0.71%  26.2  455s
 1880780 336666   36.63077   39   28   36.85597   36.59463  0.71%  26.2  460s
 1897578 338118     cutoff   47        36.85597   36.59549  0.71%  26.2  465s
 1918419 339739     cutoff   45        36.85597   36.59661  0.70%  26.2  470s
 1938492 341183     cutoff   48        36.85597   36.59774  0.70%  26.2  475s
 1958861 342746     cutoff   42        36.85597   36.59885  0.70%  26.2  480s
 1980728 344387   36.83428   42   32   36.85597   36.59994  0.69%  26.2  485s
 1996663 345711   36.80589   43   28   36.85597   36.60079  0.69%  26.2  490s
 2016404 347256     cutoff   41        36.85597   36.60183  0.69%  26.2  495s
 2036815 348741   36.77475   50   20   36.85597   36.60293  0.69%  26.2  500s
 2058776 350279     cutoff   49        36.85597   36.60401  0.68%  26.2  505s
 2078905 351957   36.72956   42   28   36.85597   36.60506  0.68%  26.2  510s
 2095526 353005     cutoff   47        36.85597   36.60594  0.68%  26.2  515s
 2115856 354457   36.70174   47   24   36.85597   36.60707  0.68%  26.2  520s
 2132472 355532     cutoff   49        36.85597   36.60793  0.67%  26.2  525s
 2153218 356938     cutoff   38        36.85597   36.60895  0.67%  26.2  530s
 2175278 358400     cutoff   49        36.85597   36.61010  0.67%  26.2  535s
 2195444 359705     cutoff   43        36.85597   36.61114  0.66%  26.2  540s
 2217480 361150     cutoff   48        36.85597   36.61220  0.66%  26.2  545s
 2236196 362346   36.84552   42   22   36.85597   36.61311  0.66%  26.2  551s
 2253312 363381     cutoff   46        36.85597   36.61394  0.66%  26.2  555s
 2275655 364787   36.83669   44   18   36.85597   36.61508  0.65%  26.2  560s
 2295727 366089   36.68181   42   28   36.85597   36.61609  0.65%  26.2  565s
 2315898 367271     cutoff   48        36.85597   36.61707  0.65%  26.2  570s
 2336822 368387   36.70097   43   32   36.85597   36.61809  0.65%  26.2  575s
 2353672 369333   36.85147   50   33   36.85597   36.61890  0.64%  26.2  580s
 2375861 370838     cutoff   45        36.85597   36.61994  0.64%  26.2  585s
H2376097 368507                      36.8533789   36.61995  0.63%  26.2  585s
*2376097 368507             106      36.8533789   36.61995  0.63%  26.2  585s
H2377852 368423                      36.8533788   36.62004  0.63%  26.2  585s
 2395459 369236     cutoff   46        36.85338   36.62093  0.63%  26.2  590s
 2413158 370091     cutoff   46        36.85338   36.62179  0.63%  26.2  595s
 2436498 371096     cutoff   44        36.85338   36.62288  0.63%  26.2  600s
 2462140 372256   36.71629   45   28   36.85338   36.62414  0.62%  26.2  605s
 2486095 373330     cutoff   38        36.85338   36.62525  0.62%  26.2  610s
 2511824 374378     cutoff   49        36.85338   36.62647  0.62%  26.2  615s
 2537539 375456   36.65503   43   28   36.85338   36.62766  0.61%  26.2  620s
 2564844 376719   36.81191   45   28   36.85338   36.62893  0.61%  26.2  625s
 2585144 377507   36.80544   49   18   36.85338   36.62988  0.61%  26.2  630s
 2605576 378044     cutoff   43        36.85338   36.63087  0.60%  26.2  635s
 2628026 378800   36.78847   44   21   36.85338   36.63193  0.60%  26.2  640s
 2654136 379664   36.69801   42   24   36.85338   36.63313  0.60%  26.2  645s
 2679767 380363     cutoff   48        36.85338   36.63430  0.59%  26.2  650s
 2703886 381157     cutoff   49        36.85338   36.63542  0.59%  26.2  655s
 2725772 381755   36.84654   45   24   36.85338   36.63645  0.59%  26.2  660s
 2750987 382512   36.69476   47   24   36.85338   36.63760  0.59%  26.2  665s
 2775070 383258     cutoff   48        36.85338   36.63877  0.58%  26.2  670s
 2800728 383946   36.73293   38   20   36.85338   36.63997  0.58%  26.2  675s
 2826474 384540     cutoff   44        36.85338   36.64117  0.58%  26.2  680s
 2850300 385248     cutoff   50        36.85338   36.64221  0.57%  26.3  685s
 2872482 385915   36.84708   48   25   36.85338   36.64319  0.57%  26.3  690s
 2896402 386290   36.83018   50   10   36.85338   36.64426  0.57%  26.3  695s
 2923907 386873     cutoff   42        36.85338   36.64547  0.56%  26.3  700s
 2946947 387249   36.77454   44   32   36.85338   36.64653  0.56%  26.3  705s
 2971128 387552   36.76789   36   24   36.85338   36.64760  0.56%  26.3  710s
 2997011 387830   36.80695   44   28   36.85338   36.64873  0.56%  26.3  715s
 3022566 387980     cutoff   43        36.85338   36.64987  0.55%  26.3  720s
 3048235 388240   36.84210   47   21   36.85338   36.65101  0.55%  26.3  725s
 3074055 388338     cutoff   49        36.85338   36.65209  0.55%  26.3  730s
 3097896 388567   36.80439   43   24   36.85338   36.65312  0.54%  26.3  735s
 3118682 388695   36.73862   45   24   36.85338   36.65397  0.54%  26.3  740s
 3141490 388916     cutoff   47        36.85338   36.65499  0.54%  26.3  745s
 3167084 389071     cutoff   53        36.85338   36.65610  0.54%  26.3  750s
 3190874 389154   36.77360   47   21   36.85338   36.65715  0.53%  26.3  755s
 3213849 389171   36.79391   50   28   36.85338   36.65811  0.53%  26.3  760s
 3239896 389216     cutoff   44        36.85338   36.65924  0.53%  26.3  765s
 3263878 389113   36.82044   42   21   36.85338   36.66028  0.52%  26.3  770s
 3285899 389027   36.78856   48   28   36.85338   36.66125  0.52%  26.3  775s
 3311035 388881   36.84730   35   17   36.85338   36.66231  0.52%  26.2  780s
H3331947 388607                      36.8533787   36.66321  0.52%  26.3  784s
H3332279 388607                      36.8533787   36.66321  0.52%  26.3  784s
H3335001 388587                      36.8533787   36.66337  0.52%  26.3  784s
 3335297 388576   36.70570   46   28   36.85338   36.66339  0.52%  26.3  785s
H3338859 388542                      36.8533786   36.66349  0.52%  26.3  786s
 3358131 388525   36.84366   48   28   36.85338   36.66435  0.51%  26.3  790s
 3376871 388299   36.73444   39   20   36.85338   36.66515  0.51%  26.2  795s
 3398157 388038     cutoff   46        36.85338   36.66607  0.51%  26.2  800s
 3420327 387710     cutoff   38        36.85338   36.66705  0.51%  26.2  805s
 3442671 387589     cutoff   44        36.85338   36.66803  0.50%  26.2  810s
 3468487 387184   36.84487   42   18   36.85338   36.66914  0.50%  26.2  815s
 3494268 386898   36.85169   44   20   36.85338   36.67023  0.50%  26.2  820s
 3516107 386640   36.81393   54    8   36.85338   36.67119  0.49%  26.2  825s
 3539255 386242   36.81270   38   20   36.85338   36.67218  0.49%  26.2  830s
 3561611 385992   36.71760   44   20   36.85338   36.67314  0.49%  26.2  835s
 3580178 385788   36.68525   38   16   36.85338   36.67392  0.49%  26.2  840s
 3598494 385430     cutoff   47        36.85338   36.67468  0.48%  26.2  845s
H3606340 385232                      36.8533786   36.67499  0.48%  26.2  847s
 3619331 384848   36.75886   37   20   36.85338   36.67556  0.48%  26.2  850s
 3640978 384347     cutoff   43        36.85338   36.67647  0.48%  26.2  855s
 3662191 383882   36.72807   49   24   36.85338   36.67738  0.48%  26.2  860s
 3688114 383338     cutoff   46        36.85338   36.67846  0.47%  26.2  865s
 3713896 382729   36.81104   41   14   36.85338   36.67955  0.47%  26.2  870s
 3739732 382135   36.81321   44   32   36.85338   36.68063  0.47%  26.2  875s
 3765430 381544     cutoff   47        36.85338   36.68174  0.47%  26.2  880s
 3789294 380793     cutoff   51        36.85338   36.68274  0.46%  26.2  885s
 3807411 380105   36.80908   39   20   36.85338   36.68352  0.46%  26.2  890s
H3816746 379852                      36.8533786   36.68388  0.46%  26.2  892s
 3829527 379499     cutoff   47        36.85338   36.68447  0.46%  26.2  895s
 3853747 378420   36.81722   52   24   36.85338   36.68553  0.46%  26.2  900s
 3872344 377740     cutoff   37        36.85338   36.68633  0.45%  26.2  905s
 3892465 377121     cutoff   50        36.85338   36.68719  0.45%  26.2  910s
 3912682 376408     cutoff   44        36.85338   36.68802  0.45%  26.2  915s
 3929396 375800   36.76432   44   24   36.85338   36.68873  0.45%  26.2  920s
 3946223 375196     cutoff   49        36.85338   36.68945  0.44%  26.2  925s
 3965072 374424     cutoff   47        36.85338   36.69023  0.44%  26.2  930s
 3985450 373531     cutoff   54        36.85338   36.69111  0.44%  26.2  935s
 4005714 372778     cutoff   53        36.85338   36.69200  0.44%  26.2  940s
 4025883 371891   36.73802   51   17   36.85338   36.69288  0.44%  26.2  945s
 4044484 371117     cutoff   52        36.85338   36.69370  0.43%  26.1  950s
 4064717 370197     cutoff   47        36.85338   36.69457  0.43%  26.1  955s
 4080563 369417     cutoff   45        36.85338   36.69522  0.43%  26.1  960s
 4102039 368465     cutoff   50        36.85338   36.69616  0.43%  26.1  965s
 4120674 367522     cutoff   50        36.85338   36.69697  0.42%  26.1  970s
 4140891 366613   36.71834   41   25   36.85338   36.69784  0.42%  26.1  975s
 4161177 365542     cutoff   44        36.85338   36.69870  0.42%  26.1  980s
 4179598 364525   36.74246   48   24   36.85338   36.69946  0.42%  26.1  985s
 4196092 363779   36.80777   49   21   36.85338   36.70019  0.42%  26.1  990s
 4208347 363014   36.78269   42   24   36.85338   36.70072  0.41%  26.1  995s
 4229036 361895     cutoff   49        36.85338   36.70161  0.41%  26.1 1000s
 4249475 360927   36.80071   41   21   36.85338   36.70247  0.41%  26.1 1005s
 4269730 359963   36.84892   51   32   36.85338   36.70334  0.41%  26.1 1010s
 4289849 358666   36.77140   45   28   36.85338   36.70421  0.40%  26.1 1015s
 4305599 357825   36.75965   42   26   36.85338   36.70487  0.40%  26.1 1020s
 4324517 356653   36.82771   48   21   36.85338   36.70574  0.40%  26.1 1025s
 4344956 355209   36.78330   38   24   36.85338   36.70664  0.40%  26.1 1030s
 4365328 353822   36.76135   47   28   36.85338   36.70754  0.40%  26.0 1035s
 4385565 352504   36.79122   43   20   36.85338   36.70843  0.39%  26.0 1040s
 4405880 351115   36.72432   40   20   36.85338   36.70933  0.39%  26.0 1045s
 4426154 349698     cutoff   44        36.85338   36.71024  0.39%  26.0 1050s
 4446388 348160   36.77557   38   20   36.85338   36.71117  0.39%  26.0 1055s
 4463188 347106   36.80985   46   25   36.85338   36.71189  0.38%  26.0 1060s
 4477841 346082     cutoff   43        36.85338   36.71259  0.38%  26.0 1065s
 4497307 344640     cutoff   49        36.85338   36.71344  0.38%  26.0 1070s
H4508466 343769                      36.8533786   36.71397  0.38%  26.0 1072s
H4510802 343692                      36.8533786   36.71407  0.38%  26.0 1073s
 4515887 343192   36.83212   45   24   36.85338   36.71430  0.38%  26.0 1075s
 4537162 341826     cutoff   43        36.85338   36.71528  0.37%  26.0 1080s
 4555625 340416     cutoff   48        36.85338   36.71610  0.37%  26.0 1085s
 4576022 338824     cutoff   46        36.85338   36.71702  0.37%  26.0 1090s
 4596084 337208     cutoff   44        36.85338   36.71791  0.37%  26.0 1095s
 4612900 335970   36.78231   47   21   36.85338   36.71864  0.37%  26.0 1100s
 4632172 334559   36.81176   44   18   36.85338   36.71950  0.36%  26.0 1105s
 4652573 332644   36.78817   47   21   36.85338   36.72043  0.36%  25.9 1110s
 4673058 330965   36.85241   50   20   36.85338   36.72138  0.36%  25.9 1115s
 4693389 329368   36.83214   47   25   36.85338   36.72231  0.36%  25.9 1120s
 4704149 328328   36.76999   50   20   36.85338   36.72278  0.35%  25.9 1125s
 4726412 326490   36.76675   41   18   36.85338   36.72375  0.35%  25.9 1130s
 4747195 324612     cutoff   44        36.85338   36.72468  0.35%  25.9 1135s
 4767478 322843     cutoff   45        36.85338   36.72564  0.35%  25.9 1140s
 4787827 321004     cutoff   42        36.85338   36.72659  0.34%  25.9 1145s
 4806090 319187     cutoff   42        36.85338   36.72746  0.34%  25.9 1150s
 4826354 317132     cutoff   48        36.85338   36.72844  0.34%  25.9 1155s
 4846770 315133     cutoff   41        36.85338   36.72944  0.34%  25.8 1160s
 4865444 313262     cutoff   46        36.85338   36.73031  0.33%  25.8 1165s
 4882253 311495     cutoff   43        36.85338   36.73111  0.33%  25.8 1170s
 4903512 309231     cutoff   43        36.85338   36.73219  0.33%  25.8 1175s
 4922069 307241   36.83039   44   21   36.85338   36.73307  0.33%  25.8 1180s
 4942591 304968   36.84199   51   21   36.85338   36.73410  0.32%  25.8 1185s
 4962969 302675     cutoff   43        36.85338   36.73512  0.32%  25.8 1190s
 4977743 301163     cutoff   53        36.85338   36.73582  0.32%  25.8 1195s
 4994527 299145     cutoff   48        36.85338   36.73663  0.32%  25.8 1200s
 5013219 297226   36.79119   37   20   36.85338   36.73751  0.31%  25.8 1205s
 5030954 295237     cutoff   39        36.85338   36.73841  0.31%  25.7 1210s
 5051591 292731     cutoff   44        36.85338   36.73942  0.31%  25.7 1215s
 5070287 290504     cutoff   45        36.85338   36.74040  0.31%  25.7 1220s
H5070446 290504                      36.8533785   36.74040  0.31%  25.7 1220s
H5072316 290361                      36.8533785   36.74048  0.31%  25.7 1220s
 5089819 288232   36.82583   37   15   36.85338   36.74139  0.30%  25.7 1225s
 5110462 285709   36.82597   47   15   36.85338   36.74244  0.30%  25.7 1230s
 5130853 283295   36.83448   47   24   36.85338   36.74350  0.30%  25.7 1235s
 5149412 280980     cutoff   36        36.85338   36.74444  0.30%  25.7 1240s
 5169888 278443     cutoff   39        36.85338   36.74553  0.29%  25.7 1245s
 5187002 276184     cutoff   37        36.85338   36.74639  0.29%  25.7 1250s
 5206040 273841     cutoff   48        36.85338   36.74744  0.29%  25.6 1255s
 5226669 271245   36.77302   43   21   36.85338   36.74853  0.28%  25.6 1260s
 5248864 268097     cutoff   42        36.85338   36.74981  0.28%  25.6 1265s
 5265680 265829   36.84546   54   25   36.85338   36.75072  0.28%  25.6 1270s
 5286036 262874   36.77572   46   25   36.85338   36.75185  0.28%  25.6 1275s
 5304591 260329   36.81831   46   28   36.85338   36.75288  0.27%  25.6 1280s
 5321797 257804     cutoff   50        36.85338   36.75387  0.27%  25.6 1285s
 5346423 254166     cutoff   52        36.85338   36.75533  0.27%  25.6 1290s
H5353524 253439                      36.8533785   36.75566  0.27%  25.5 1291s
H5355376 253134                      36.8533785   36.75578  0.26%  25.5 1291s
 5372043 250522   36.85157   42   22   36.85338   36.75682  0.26%  25.5 1295s
 5395513 246911     cutoff   52        36.85338   36.75816  0.26%  25.5 1300s
 5419605 243335   36.80522   43   17   36.85338   36.75957  0.25%  25.5 1305s
 5445808 239423   36.84025   46   20   36.85338   36.76108  0.25%  25.5 1310s
 5471836 235492   36.81475   51   24   36.85338   36.76266  0.25%  25.5 1315s
 5497973 231438     cutoff   38        36.85338   36.76427  0.24%  25.4 1320s
 5521532 227397     cutoff   52        36.85338   36.76577  0.24%  25.4 1325s
 5542778 224043   36.80420   44   14   36.85338   36.76706  0.23%  25.4 1330s
H5556565 221879                      36.8533785   36.76794  0.23%  25.4 1332s
 5569339 219731     cutoff   33        36.85338   36.76877  0.23%  25.4 1335s
 5591939 215793     cutoff   47        36.85338   36.77027  0.23%  25.4 1340s
 5620944 210976     cutoff   55        36.85338   36.77214  0.22%  25.3 1345s
 5643358 207227     cutoff   45        36.85338   36.77366  0.22%  25.3 1350s
 5670462 202510     cutoff   45        36.85338   36.77546  0.21%  25.3 1355s
 5695609 197922   36.84604   48   15   36.85338   36.77726  0.21%  25.3 1360s
 5723103 193219   36.79622   42   28   36.85338   36.77921  0.20%  25.2 1365s
 5750578 188065     cutoff   55        36.85338   36.78124  0.20%  25.2 1370s
 5775887 183428   36.81030   40   21   36.85338   36.78304  0.19%  25.2 1375s
 5802663 178456     cutoff   50        36.85338   36.78504  0.19%  25.1 1380s
 5825757 174141   36.82574   42   18   36.85338   36.78685  0.18%  25.1 1385s
 5848953 170012     cutoff   43        36.85338   36.78865  0.18%  25.1 1390s
 5868910 166122     cutoff   57        36.85338   36.79026  0.17%  25.1 1395s
 5892685 161487   36.85103   41   16   36.85338   36.79216  0.17%  25.0 1400s
 5917891 156843     cutoff   38        36.85338   36.79415  0.16%  25.0 1405s
 5939386 152812   36.85250   47   21   36.85338   36.79588  0.16%  25.0 1410s
 5958972 149100   36.80786   49   20   36.85338   36.79743  0.15%  24.9 1415s
 5976475 145671   36.85230   53   28   36.85338   36.79898  0.15%  24.9 1420s
 5996086 141884   36.85253   50   24   36.85338   36.80061  0.14%  24.9 1425s
 6016509 138172   36.84125   51   20   36.85338   36.80235  0.14%  24.9 1430s
 6042077 133347   36.85128   56   14   36.85338   36.80448  0.13%  24.8 1435s
 6067334 128840     cutoff   43        36.85338   36.80678  0.13%  24.8 1440s
 6087700 125356     cutoff   59        36.85338   36.80860  0.12%  24.7 1445s
 6105807 122360   36.83826   49   20   36.85338   36.81021  0.12%  24.7 1450s
 6126140 119140     cutoff   48        36.85338   36.81203  0.11%  24.7 1455s
 6144470 116546     cutoff   50        36.85338   36.81357  0.11%  24.6 1460s
 6164329 113650   36.83849   46   17   36.85338   36.81527  0.10%  24.6 1465s
 6180400 111723   36.84463   51   14   36.85338   36.81663  0.10%  24.5 1470s
 6200145 109364     cutoff   49        36.85338   36.81828  0.10%  24.5 1475s
 6219765 106968   36.85059   47   15   36.85338   36.81990  0.09%  24.5 1480s
 6239419 105117   36.83475   49   20   36.85338   36.82132  0.09%  24.4 1485s
 6260099 103209   36.83190   52   21   36.85338   36.82286  0.08%  24.4 1490s
H6283243 100922                      36.8533152   36.82465  0.08%  24.3 1493s
*6283243 100922              88      36.8533152   36.82465  0.08%  24.3 1493s
H6285113 100923                      36.8533150   36.82473  0.08%  24.3 1494s
H6285126 100923                      36.8533150   36.82473  0.08%  24.3 1494s
H6285492 100745                      36.8533150   36.82475  0.08%  24.3 1494s
H6285649 100745                      36.8533149   36.82476  0.08%  24.3 1494s
H6286494 100745                      36.8533149   36.82477  0.08%  24.3 1494s
H6286665 100743                      36.8533144   36.82477  0.08%  24.3 1494s
H6287139 100524                      36.8533144   36.82488  0.08%  24.3 1494s
H6288072 100524                      36.8533144   36.82490  0.08%  24.3 1494s
 6289054 100376   36.83191   49   17   36.85331   36.82503  0.08%  24.3 1495s
H6289386 100376                      36.8533144   36.82503  0.08%  24.3 1495s
H6289991 100376                      36.8533144   36.82504  0.08%  24.3 1495s
H6308266 98851                      36.8533144   36.82634  0.07%  24.2 1498s
H6310189 98852                      36.8533144   36.82649  0.07%  24.2 1498s
 6312181 98578     cutoff   49        36.85331   36.82660  0.07%  24.2 1500s
 6333181 97135     cutoff   43        36.85331   36.82801  0.07%  24.2 1505s
H6346649 96337                      36.8533144   36.82880  0.07%  24.2 1508s
 6351986 96144   36.84259   48   17   36.85331   36.82918  0.07%  24.1 1510s
 6374900 95233   36.84560   48   15   36.85331   36.83052  0.06%  24.1 1515s
 6390555 94231     cutoff   50        36.85331   36.83144  0.06%  24.0 1520s
 6411841 93773     cutoff   55        36.85331   36.83256  0.06%  24.0 1525s
 6434615 92906     cutoff   46        36.85331   36.83370  0.05%  23.9 1530s
 6455270 92454     cutoff   59        36.85331   36.83471  0.05%  23.9 1536s
 6471895 92260   36.84489   50   16   36.85331   36.83545  0.05%  23.8 1540s
 6495261 92391   36.84905   51   14   36.85331   36.83640  0.05%  23.8 1545s
H6514374 91047                      36.8531182   36.83710  0.04%  23.7 1550s
*6514374 91047             177      36.8531182   36.83710  0.04%  23.7 1550s
H6516606 90930                      36.8531182   36.83725  0.04%  23.7 1550s
H6516609 90930                      36.8531181   36.83725  0.04%  23.7 1550s
H6516617 90930                      36.8531181   36.83725  0.04%  23.7 1550s
H6516969 90968                      36.8531181   36.83725  0.04%  23.7 1551s
H6518550 90959                      36.8531181   36.83732  0.04%  23.7 1551s
H6520603 90903                      36.8531181   36.83739  0.04%  23.7 1552s
H6520604 90903                      36.8531181   36.83739  0.04%  23.7 1552s
 6528356 90926     cutoff   50        36.85312   36.83770  0.04%  23.7 1555s
 6549496 90748     cutoff   65        36.85312   36.83845  0.04%  23.6 1560s
 6572196 91039     cutoff   60        36.85312   36.83923  0.04%  23.6 1565s
H6584088 91103                      36.8530982   36.83959  0.04%  23.5 1567s
*6584088 91103             100      36.8530982   36.83959  0.04%  23.5 1567s
H6585505 91081                      36.8530981   36.83961  0.04%  23.5 1568s
H6585506 91081                      36.8530981   36.83961  0.04%  23.5 1568s
H6585510 91079                      36.8530979   36.83961  0.04%  23.5 1568s
H6585511 91079                      36.8530979   36.83961  0.04%  23.5 1568s
H6586160 91036                      36.8530978   36.83963  0.04%  23.5 1568s
H6587416 91032                      36.8530978   36.83971  0.04%  23.5 1569s
H6588563 91018                      36.8530978   36.83973  0.04%  23.5 1569s
H6590297 91006                      36.8530978   36.83978  0.04%  23.5 1569s
 6591220 90972     cutoff   49        36.85310   36.83983  0.04%  23.5 1570s
 6612149 91419   36.84885   52   16   36.85310   36.84047  0.03%  23.5 1575s
H6613824 91419                      36.8530978   36.84052  0.03%  23.5 1575s
H6621792 91683                      36.8530978   36.84074  0.03%  23.4 1577s
 6629426 91874   36.84848   45   16   36.85310   36.84096  0.03%  23.4 1580s
H6630853 91874                      36.8530978   36.84096  0.03%  23.4 1580s
 6650331 92210     cutoff   56        36.85310   36.84151  0.03%  23.4 1585s
H6661498 92531                      36.8530978   36.84175  0.03%  23.3 1587s
 6672610 92993     cutoff   60        36.85310   36.84203  0.03%  23.3 1590s
H6677617 93065                      36.8530978   36.84213  0.03%  23.3 1591s
 6693452 93657   36.85304   53   12   36.85310   36.84251  0.03%  23.2 1595s
 6710792 94491   36.84951   51   14   36.85310   36.84286  0.03%  23.2 1600s
 6734660 95107     cutoff   55        36.85310   36.84336  0.03%  23.1 1605s
 6757545 96028   36.85138   60   20   36.85310   36.84380  0.03%  23.1 1610s
 6782227 97113   36.84987   61   16   36.85310   36.84423  0.02%  23.0 1615s
*6785532 95800              95      36.8530268   36.84426  0.02%  23.0 1615s
*6785535 95794              95      36.8530267   36.84426  0.02%  23.0 1615s
*6785537 95782              96      36.8530254   36.84426  0.02%  23.0 1615s
*6785538 95778              96      36.8530251   36.84426  0.02%  23.0 1615s
*6785540 95772              97      36.8530247   36.84426  0.02%  23.0 1615s
*6785544 95772              98      36.8530247   36.84426  0.02%  23.0 1615s
*6785545 95770              98      36.8530245   36.84426  0.02%  23.0 1616s
H6788137 95808                      36.8530244   36.84431  0.02%  23.0 1616s
H6788141 95806                      36.8530244   36.84431  0.02%  23.0 1616s
H6788443 95806                      36.8530243   36.84431  0.02%  23.0 1616s
H6788601 95806                      36.8530243   36.84431  0.02%  23.0 1616s
H6789087 95818                      36.8530242   36.84431  0.02%  23.0 1617s
H6792344 95859                      36.8530242   36.84437  0.02%  23.0 1618s
H6794306 95866                      36.8530242   36.84441  0.02%  23.0 1618s
 6799264 96179   36.85244   58   16   36.85302   36.84450  0.02%  23.0 1621s
H6799420 96175                      36.8530237   36.84450  0.02%  23.0 1621s
H6801350 96189                      36.8530237   36.84453  0.02%  23.0 1621s
H6812233 96554                      36.8530237   36.84467  0.02%  22.9 1624s
H6812645 96669                      36.8530237   36.84471  0.02%  22.9 1624s
 6814790 96690     cutoff   61        36.85302   36.84474  0.02%  22.9 1625s
 6837222 97561   36.85158   61   16   36.85302   36.84510  0.02%  22.9 1630s
H6852748 97945                      36.8530236   36.84533  0.02%  22.8 1633s
H6854547 97948                      36.8530236   36.84536  0.02%  22.8 1634s
 6854557 98103   36.85081   56   16   36.85302   36.84536  0.02%  22.8 1635s
H6863447 98436                      36.8530236   36.84548  0.02%  22.8 1637s
H6866890 98586                      36.8530236   36.84552  0.02%  22.8 1638s
H6867759 98586                      36.8530236   36.84552  0.02%  22.8 1638s
H6869803 98723                      36.8530235   36.84556  0.02%  22.8 1638s
 6873488 98931     cutoff   56        36.85302   36.84561  0.02%  22.8 1640s
H6886885 99680                      36.8530235   36.84578  0.02%  22.7 1642s
 6897562 100180     cutoff   62        36.85302   36.84593  0.02%  22.7 1645s
H6898541 100175                      36.8530233   36.84594  0.02%  22.7 1645s
H6901819 100317                      36.8530233   36.84598  0.02%  22.7 1646s
H6905160 100484                      36.8530233   36.84602  0.02%  22.7 1646s
 6919403 101339   36.85089   48   12   36.85302   36.84620  0.02%  22.7 1650s
 6943020 102668   36.85242   56   11   36.85302   36.84647  0.02%  22.6 1655s
H6966184 103850                      36.8530233   36.84672  0.02%  22.5 1660s
 6990518 105197     cutoff   60        36.85302   36.84698  0.02%  22.5 1665s
 7011669 106370   36.85254   63   16   36.85302   36.84719  0.02%  22.4 1670s
 7034450 108018   36.85173   62   16   36.85302   36.84741  0.02%  22.4 1675s
 7061025 110038   36.85292   55   14   36.85302   36.84763  0.01%  22.3 1680s
 7078811 111116   36.84948   57   16   36.85302   36.84777  0.01%  22.2 1685s
 7104113 112815   36.85186   58   12   36.85302   36.84798  0.01%  22.2 1690s
*7115861 112345              93      36.8529766   36.84807  0.01%  22.1 1692s
*7115865 112200              94      36.8529713   36.84807  0.01%  22.1 1692s
 7127081 112935   36.85248   60   14   36.85297   36.84815  0.01%  22.1 1695s
 7153724 114923   36.85268   58   16   36.85297   36.84833  0.01%  22.0 1700s
 7178306 116772   36.85189   59   16   36.85297   36.84850  0.01%  22.0 1705s
 7206837 119122     cutoff   68        36.85297   36.84867  0.01%  21.9 1710s
 7237307 121694   36.85094   58   20   36.85297   36.84885  0.01%  21.8 1715s
 7279055 125548   36.85226   58   16   36.85297   36.84908  0.01%  21.7 1720s
 7320923 129642     cutoff   71        36.85297   36.84929  0.01%  21.6 1725s

Cutting planes:
  Gomory: 27
  MIR: 25
  Flow cover: 24
  RLT: 111

Explored 7322811 nodes (158333757 simplex iterations) in 1725.09 seconds (886.61 work units)
Thread count was 12 (of 12 available processors)

Solution count 10: 36.853 36.853 36.853 ... 36.853

Optimal solution found (tolerance 1.00e-04)
Best objective 3.685297608666e+01, best bound 3.684929575931e+01, gap 0.0100%
no warm start
REGULARISATION L1
Gurobi Optimizer version 11.0.2 build v11.0.2rc0 (linux64 - "Ubuntu 22.04.4 LTS")

CPU model: Intel(R) Core(TM) i7-8700 CPU @ 3.20GHz, instruction set [SSE2|AVX|AVX2]
Thread count: 6 physical cores, 12 logical processors, using up to 12 threads

Optimize a model with 368 rows, 312 columns and 824 nonzeros
Model fingerprint: 0xd92b3ddf
Model has 80 quadratic constraints
Variable types: 264 continuous, 48 integer (48 binary)
Coefficient statistics:
  Matrix range     [1e-02, 4e+01]
  QMatrix range    [1e+00, 1e+00]
  QLMatrix range   [1e+00, 2e+00]
  Objective range  [1e+00, 1e+00]
  Bounds range     [1e+00, 1e+00]
  RHS range        [2e+01, 4e+01]
  QRHS range       [1e+00, 1e+00]
Presolve removed 88 rows and 0 columns
Presolve time: 0.00s
Presolved: 680 rows, 432 columns, 1816 nonzeros
Presolved model has 40 quadratic constraint(s)
Presolved model has 80 bilinear constraint(s)

Solving non-convex MIQCP

Variable types: 384 continuous, 48 integer (48 binary)
Found heuristic solution: objective 40.0000000

Root relaxation: objective 3.600000e+01, 158 iterations, 0.00 seconds (0.00 work units)

    Nodes    |    Current Node    |     Objective Bounds      |     Work
 Expl Unexpl |  Obj  Depth IntInf | Incumbent    BestBd   Gap | It/Node Time

     0     0   36.00000    0   26   40.00000   36.00000  10.0%     -    0s
     0     0   36.02098    0   34   40.00000   36.02098  9.95%     -    0s
     0     0   36.14118    0   47   40.00000   36.14118  9.65%     -    0s
     0     0   36.23728    0   17   40.00000   36.23728  9.41%     -    0s
     0     0   36.43399    0   22   40.00000   36.43399  8.92%     -    0s
     0     0   36.45638    0   34   40.00000   36.45638  8.86%     -    0s
     0     0   36.48942    0   23   40.00000   36.48942  8.78%     -    0s
     0     0   36.50090    0   38   40.00000   36.50090  8.75%     -    0s
     0     0   36.52678    0   32   40.00000   36.52678  8.68%     -    0s
     0     0   36.53066    0   20   40.00000   36.53066  8.67%     -    0s
     0     0   36.53383    0   35   40.00000   36.53383  8.67%     -    0s
     0     0   36.53387    0   35   40.00000   36.53387  8.67%     -    0s
     0     0   36.53387    0   35   40.00000   36.53387  8.67%     -    0s
     0     2   36.53387    0   35   40.00000   36.53387  8.67%     -    0s
H10919  5852                      39.9999999   37.71601  5.71%  17.3    3s
H14923  7711                      39.9999994   37.79840  5.50%  16.8    4s
 17577  9719   38.34157   27   12   40.00000   37.81868  5.45%  16.7    5s
*24954 13078              70      39.9999979   37.93520  5.16%  16.7    6s
*27100 13832              56      39.9999903   37.96214  5.09%  16.8    7s
 41106 20739     cutoff   33        39.99999   38.10021  4.75%  16.8   10s
 67045 31537   39.97131   37   20   39.99999   38.28703  4.28%  17.1   15s
 92776 40936   38.57671   28   10   39.99999   38.43050  3.92%  17.4   20s
 118458 49450   39.99922   64   12   39.99999   38.52194  3.70%  17.7   25s
 144820 57727     cutoff   39        39.99999   38.60425  3.49%  17.9   30s
 170070 64772     cutoff   43        39.99999   38.67040  3.32%  18.1   35s
 197541 72030     cutoff   42        39.99999   38.72648  3.18%  18.3   40s
 218748 76638     cutoff   39        39.99999   38.76688  3.08%  18.4   45s
 242459 81735     cutoff   38        39.99999   38.81585  2.96%  18.5   50s
 268189 87032   39.36745   38   15   39.99999   38.85763  2.86%  18.6   55s
 292829 91992   39.17075   41   15   39.99999   38.89415  2.76%  18.6   60s
 318219 96661   39.79920   29    5   39.99999   38.92965  2.68%  18.7   65s
 343482 100704   39.46457   31   20   39.99999   38.96392  2.59%  18.8   70s
 365747 104380     cutoff   45        39.99999   38.99424  2.51%  18.8   75s
 389917 108142   39.97781   33   18   39.99999   39.02389  2.44%  18.7   80s
 410347 110576   39.74126   45   28   39.99999   39.05017  2.37%  18.8   85s
 436380 113357   39.88298   44   16   39.99999   39.07643  2.31%  18.7   90s
 461804 115854   39.99435   29    1   39.99999   39.10568  2.24%  18.7   95s
 483389 118179   39.51489   42   21   39.99999   39.12919  2.18%  18.7  100s
 510099 120750     cutoff   34        39.99999   39.15496  2.11%  18.7  105s
 534870 122766     cutoff   35        39.99999   39.18093  2.05%  18.7  110s
 561327 124933     cutoff   37        39.99999   39.20425  1.99%  18.8  115s
 586662 126104     cutoff   36        39.99999   39.22699  1.93%  18.7  120s
 611984 127162     cutoff   38        39.99999   39.24854  1.88%  18.7  125s
 639323 128561   39.61751   32    7   39.99999   39.27146  1.82%  18.7  130s
 665076 129279   39.79878   29   15   39.99999   39.29338  1.77%  18.7  135s
 686263 129861     cutoff   38        39.99999   39.31154  1.72%  18.7  140s
 711946 130617     cutoff   39        39.99999   39.33201  1.67%  18.7  145s
 737461 130802     cutoff   38        39.99999   39.35148  1.62%  18.7  150s
 763258 130586   39.44007   39   16   39.99999   39.37049  1.57%  18.7  155s
 789406 131062     cutoff   47        39.99999   39.38777  1.53%  18.6  160s
 813648 131129     cutoff   40        39.99999   39.40395  1.49%  18.6  165s
 841179 130236   39.82012   42   10   39.99999   39.42335  1.44%  18.5  170s
 867035 129486     cutoff   39        39.99999   39.44131  1.40%  18.5  175s
 888330 128565     cutoff   32        39.99999   39.45632  1.36%  18.5  180s
 915550 126913   39.99722   46   18   39.99999   39.47640  1.31%  18.4  185s
 941216 125532   39.89246   43    7   39.99999   39.49573  1.26%  18.4  190s
 967421 123709   39.80885   43   15   39.99999   39.51588  1.21%  18.4  195s
 993652 121355   39.98050   45   15   39.99999   39.53599  1.16%  18.3  200s
 1019638 118600     cutoff   48        39.99999   39.55888  1.10%  18.3  205s
 1045843 116014   39.60358   38   20   39.99999   39.58226  1.04%  18.2  210s
 1060915 114336   39.94849   39   20   39.99999   39.59631  1.01%  18.2  215s
 1077023 112605     cutoff   33        39.99999   39.61141  0.97%  18.1  220s
 1095738 110916   39.86670   38   22   39.99999   39.62951  0.93%  18.1  225s
 1112679 108885     cutoff   37        39.99999   39.64544  0.89%  18.0  230s
 1129697 106515     cutoff   36        39.99999   39.66289  0.84%  18.0  235s
 1146738 104287   39.95510   35   18   39.99999   39.67982  0.80%  17.9  240s
 1163623 101831     cutoff   38        39.99999   39.70001  0.75%  17.9  245s
 1183044 99284     cutoff   41        39.99999   39.72114  0.70%  17.8  250s
 1198401 97275     cutoff   44        39.99999   39.74042  0.65%  17.8  255s
 1217573 94705   39.94012   49   15   39.99999   39.76462  0.59%  17.7  260s
 1236367 91890     cutoff   33        39.99999   39.78949  0.53%  17.6  265s
 1252436 89598     cutoff   53        39.99999   39.81022  0.47%  17.5  270s
 1271250 86655   39.90938   50   15   39.99999   39.83546  0.41%  17.4  275s
 1290373 83886     cutoff   48        39.99999   39.85981  0.35%  17.2  280s
 1310234 80832     cutoff   43        39.99999   39.88484  0.29%  17.1  285s
 1331256 77467     cutoff   34        39.99999   39.90746  0.23%  16.9  290s
 1356177 73626     cutoff   56        39.99999   39.93012  0.17%  16.7  295s
 1381550 69932     cutoff   60        39.99999   39.94880  0.13%  16.5  300s
 1406363 66022     cutoff   60        39.99999   39.96258  0.09%  16.3  305s
 1431032 62550   39.98178   47    9   39.99999   39.97315  0.07%  16.1  310s
 1454519 59077   39.99601   65   11   39.99999   39.98051  0.05%  16.0  315s
 1481525 55423     cutoff   70        39.99999   39.98673  0.03%  15.7  320s
 1508418 51435   39.99846   58    8   39.99999   39.99094  0.02%  15.5  325s
 1535401 47807     cutoff   62        39.99999   39.99378  0.02%  15.3  330s
 1561906 44282     cutoff   49        39.99999   39.99578  0.01%  15.1  335s

Cutting planes:
  Gomory: 27
  MIR: 36
  Flow cover: 28
  RLT: 100

Explored 1565997 nodes (23618469 simplex iterations) in 335.70 seconds (168.86 work units)
Thread count was 12 (of 12 available processors)

Solution count 4: 40 40 40 40 

Optimal solution found (tolerance 1.00e-04)
Best objective 4.000000004020e+01, best bound 3.999604667977e+01, gap 0.0099%
